[    0.000000] Initializing cgroup subsys cpuset
[    0.000000] Initializing cgroup subsys cpu
[    0.000000] Initializing cgroup subsys cpuacct
[    0.000000] Linux version 4.4.0-157-generic (buildd@lgw01-amd64-037) (gcc version 5.4.0 20160609 (Ubuntu 5.4.0-6ubuntu1~16.04.10) ) #185-Ubuntu SMP Tue Jul 23 09:17:01 UTC 2019 (Ubuntu 4.4.0-157.185-generic 4.4.181)
[    0.000000] Command line: BOOT_IMAGE=/boot/vmlinuz-4.4.0-157-generic root=LABEL=cloudimg-rootfs ro console=tty1 console=ttyS0
[    0.000000] KERNEL supported cpus:
[    0.000000]   Intel GenuineIntel
[    0.000000]   AMD AuthenticAMD
[    0.000000]   Centaur CentaurHauls
[    0.000000] x86/fpu: xstate_offset[2]:  576, xstate_sizes[2]:  256
[    0.000000] x86/fpu: Supporting XSAVE feature 0x01: 'x87 floating point registers'
[    0.000000] x86/fpu: Supporting XSAVE feature 0x02: 'SSE registers'
[    0.000000] x86/fpu: Supporting XSAVE feature 0x04: 'AVX registers'
[    0.000000] x86/fpu: Enabled xstate features 0x7, context size is 832 bytes, using 'standard' format.
[    0.000000] e820: BIOS-provided physical RAM map:
[    0.000000] BIOS-e820: [mem 0x0000000000000000-0x000000000009fbff] usable
[    0.000000] BIOS-e820: [mem 0x000000000009fc00-0x000000000009ffff] reserved
[    0.000000] BIOS-e820: [mem 0x00000000000f0000-0x00000000000fffff] reserved
[    0.000000] BIOS-e820: [mem 0x0000000000100000-0x000000007ffeffff] usable
[    0.000000] BIOS-e820: [mem 0x000000007fff0000-0x000000007fffffff] ACPI data
[    0.000000] BIOS-e820: [mem 0x00000000fec00000-0x00000000fec00fff] reserved
[    0.000000] BIOS-e820: [mem 0x00000000fee00000-0x00000000fee00fff] reserved
[    0.000000] BIOS-e820: [mem 0x00000000fffc0000-0x00000000ffffffff] reserved
[    0.000000] NX (Execute Disable) protection: active
[    0.000000] SMBIOS 2.5 present.
[    0.000000] Hypervisor detected: KVM
[    0.000000] e820: last_pfn = 0x7fff0 max_arch_pfn = 0x400000000
[    0.000000] MTRR: Disabled
[    0.000000] x86/PAT: MTRRs disabled, skipping PAT initialization too.
[    0.000000] CPU MTRRs all blank - virtualized system.
[    0.000000] x86/PAT: Configuration [0-7]: WB  WT  UC- UC  WB  WT  UC- UC  
[    0.000000] found SMP MP-table at [mem 0x0009fff0-0x0009ffff] mapped at [ffff88000009fff0]
[    0.000000] Scanning 1 areas for low memory corruption
[    0.000000] RAMDISK: [mem 0x362fa000-0x37174fff]
[    0.000000] ACPI: Early table checksum verification disabled
[    0.000000] ACPI: RSDP 0x00000000000E0000 000024 (v02 VBOX  )
[    0.000000] ACPI: XSDT 0x000000007FFF0030 00003C (v01 VBOX   VBOXXSDT 00000001 ASL  00000061)
[    0.000000] ACPI: FACP 0x000000007FFF00F0 0000F4 (v04 VBOX   VBOXFACP 00000001 ASL  00000061)
[    0.000000] ACPI: DSDT 0x000000007FFF0470 0022EA (v02 VBOX   VBOXBIOS 00000002 INTL 20100528)
[    0.000000] ACPI: FACS 0x000000007FFF0200 000040
[    0.000000] ACPI: FACS 0x000000007FFF0200 000040
[    0.000000] ACPI: APIC 0x000000007FFF0240 00005C (v02 VBOX   VBOXAPIC 00000001 ASL  00000061)
[    0.000000] ACPI: SSDT 0x000000007FFF02A0 0001CC (v01 VBOX   VBOXCPUT 00000002 INTL 20100528)
[    0.000000] No NUMA configuration found
[    0.000000] Faking a node at [mem 0x0000000000000000-0x000000007ffeffff]
[    0.000000] NODE_DATA(0) allocated [mem 0x7ffeb000-0x7ffeffff]
[    0.000000] kvm-clock: Using msrs 4b564d01 and 4b564d00
[    0.000000] kvm-clock: cpu 0, msr 0:7ffe3001, primary cpu clock
[    0.000000] kvm-clock: using sched offset of 4473057897 cycles
[    0.000000] clocksource: kvm-clock: mask: 0xffffffffffffffff max_cycles: 0x1cd42e4dffb, max_idle_ns: 881590591483 ns
[    0.000000] Zone ranges:
[    0.000000]   DMA      [mem 0x0000000000001000-0x0000000000ffffff]
[    0.000000]   DMA32    [mem 0x0000000001000000-0x000000007ffeffff]
[    0.000000]   Normal   empty
[    0.000000]   Device   empty
[    0.000000] Movable zone start for each node
[    0.000000] Early memory node ranges
[    0.000000]   node   0: [mem 0x0000000000001000-0x000000000009efff]
[    0.000000]   node   0: [mem 0x0000000000100000-0x000000007ffeffff]
[    0.000000] Initmem setup node 0 [mem 0x0000000000001000-0x000000007ffeffff]
[    0.000000] ACPI: PM-Timer IO Port: 0x4008
[    0.000000] IOAPIC[0]: apic_id 2, version 32, address 0xfec00000, GSI 0-23
[    0.000000] ACPI: INT_SRC_OVR (bus 0 bus_irq 0 global_irq 2 dfl dfl)
[    0.000000] ACPI: INT_SRC_OVR (bus 0 bus_irq 9 global_irq 9 low level)
[    0.000000] Using ACPI (MADT) for SMP configuration information
[    0.000000] smpboot: Allowing 2 CPUs, 0 hotplug CPUs
[    0.000000] PM: Registered nosave memory: [mem 0x00000000-0x00000fff]
[    0.000000] PM: Registered nosave memory: [mem 0x0009f000-0x0009ffff]
[    0.000000] PM: Registered nosave memory: [mem 0x000a0000-0x000effff]
[    0.000000] PM: Registered nosave memory: [mem 0x000f0000-0x000fffff]
[    0.000000] e820: [mem 0x80000000-0xfebfffff] available for PCI devices
[    0.000000] Booting paravirtualized kernel on KVM
[    0.000000] clocksource: refined-jiffies: mask: 0xffffffff max_cycles: 0xffffffff, max_idle_ns: 7645519600211568 ns
[    0.000000] setup_percpu: NR_CPUS:512 nr_cpumask_bits:512 nr_cpu_ids:2 nr_node_ids:1
[    0.000000] PERCPU: Embedded 34 pages/cpu @ffff88007fc00000 s99544 r8192 d31528 u1048576
[    0.000000] Built 1 zonelists in Node order, mobility grouping on.  Total pages: 515960
[    0.000000] Policy zone: DMA32
[    0.000000] Kernel command line: BOOT_IMAGE=/boot/vmlinuz-4.4.0-157-generic root=LABEL=cloudimg-rootfs ro console=tty1 console=ttyS0
[    0.000000] PID hash table entries: 4096 (order: 3, 32768 bytes)
[    0.000000] Memory: 2029924K/2096696K available (8618K kernel code, 1335K rwdata, 4032K rodata, 1484K init, 1284K bss, 66772K reserved, 0K cma-reserved)
[    0.000000] SLUB: HWalign=64, Order=0-3, MinObjects=0, CPUs=2, Nodes=1
[    0.000000] Kernel/User page tables isolation: enabled
[    0.000000] Hierarchical RCU implementation.
[    0.000000] 	Build-time adjustment of leaf fanout to 64.
[    0.000000] 	RCU restricting CPUs from NR_CPUS=512 to nr_cpu_ids=2.
[    0.000000] RCU: Adjusting geometry for rcu_fanout_leaf=64, nr_cpu_ids=2
[    0.000000] NR_IRQS:33024 nr_irqs:440 16
[    0.000000] Console: colour VGA+ 80x25
[    0.000000] console [tty1] enabled
[    0.000000] console [ttyS0] enabled
[    0.000000] tsc: Detected 3503.998 MHz processor
[    0.198299] Calibrating delay loop (skipped) preset value.. 7007.99 BogoMIPS (lpj=14015992)
[    0.201013] pid_max: default: 32768 minimum: 301
[    0.202533] ACPI: Core revision 20150930
[    0.204299] ACPI: 2 ACPI AML tables successfully acquired and loaded
[    0.206352] Security Framework initialized
[    0.207642] Yama: becoming mindful.
[    0.208707] AppArmor: AppArmor initialized
[    0.211288] Dentry cache hash table entries: 262144 (order: 9, 2097152 bytes)
[    0.213162] Inode-cache hash table entries: 131072 (order: 8, 1048576 bytes)
[    0.216134] Mount-cache hash table entries: 4096 (order: 3, 32768 bytes)
[    0.217691] Mountpoint-cache hash table entries: 4096 (order: 3, 32768 bytes)
[    0.219298] Initializing cgroup subsys io
[    0.220871] Initializing cgroup subsys memory
[    0.222352] Initializing cgroup subsys devices
[    0.223348] Initializing cgroup subsys freezer
[    0.224672] Initializing cgroup subsys net_cls
[    0.225885] Initializing cgroup subsys perf_event
[    0.227855] Initializing cgroup subsys net_prio
[    0.228904] Initializing cgroup subsys hugetlb
[    0.230231] Initializing cgroup subsys pids
[    0.232402] mce: CPU supports 0 MCE banks
[    0.233360] Last level iTLB entries: 4KB 64, 2MB 8, 4MB 8
[    0.234976] Last level dTLB entries: 4KB 64, 2MB 0, 4MB 0, 1GB 4
[    0.236901] Spectre V2 : Mitigation: Full generic retpoline
[    0.238180] Spectre V2 : Spectre v2 / SpectreRSB mitigation: Filling RSB on context switch
[    0.240053] Speculative Store Bypass: Vulnerable
[    0.242501] MDS: Mitigation: Clear CPU buffers
[    0.246127] Freeing SMP alternatives memory: 36K
[    0.252378] ftrace: allocating 32312 entries in 127 pages
[    0.304411] smpboot: APIC(0) Converting physical 0 to logical package 0
[    0.307252] smpboot: Max logical packages: 1
[    0.308971] x2apic enabled
[    0.310279] Switched APIC routing to physical x2apic.
[    0.313308] ..TIMER: vector=0x30 apic1=0 pin1=2 apic2=-1 pin2=-1
[    0.422219] smpboot: CPU0: Intel(R) Core(TM) i7-7567U CPU @ 3.50GHz (family: 0x6, model: 0x8e, stepping: 0x9)
[    0.432130] Performance Events: unsupported p6 CPU model 142 no PMU driver, software events only.
[    0.451334] KVM setup paravirtual spinlock
[    0.457161] x86: Booting SMP configuration:
[    0.458484] .... node  #0, CPUs:      #1
[    0.459811] kvm-clock: cpu 1, msr 0:7ffe3041, secondary cpu clock
[    0.462600] mce: CPU supports 0 MCE banks
[    0.465570] x86: Booted up 1 node, 2 CPUs
[    0.467253] smpboot: Total of 2 processors activated (14015.99 BogoMIPS)
[    0.469494] devtmpfs: initialized
[    0.472796] evm: security.selinux
[    0.473720] evm: security.SMACK64
[    0.475003] evm: security.SMACK64EXEC
[    0.476185] evm: security.SMACK64TRANSMUTE
[    0.478028] evm: security.SMACK64MMAP
[    0.479355] evm: security.ima
[    0.480700] evm: security.capability
[    0.481844] clocksource: jiffies: mask: 0xffffffff max_cycles: 0xffffffff, max_idle_ns: 7645041785100000 ns
[    0.485571] futex hash table entries: 512 (order: 3, 32768 bytes)
[    0.488218] pinctrl core: initialized pinctrl subsystem
[    0.490350] RTC time: 13:34:55, date: 08/18/19
[    0.492077] NET: Registered protocol family 16
[    0.501751] cpuidle: using governor ladder
[    0.513901] cpuidle: using governor menu
[    0.516776] PCCT header not found.
[    0.518075] ACPI: bus type PCI registered
[    0.519320] acpiphp: ACPI Hot Plug PCI Controller Driver version: 0.5
[    0.521255] PCI: Using configuration type 1 for base access
[    0.535348] ACPI: Added _OSI(Module Device)
[    0.537575] ACPI: Added _OSI(Processor Device)
[    0.538913] ACPI: Added _OSI(3.0 _SCP Extensions)
[    0.540269] ACPI: Added _OSI(Processor Aggregator Device)
[    0.542686] ACPI: Executed 1 blocks of module-level executable AML code
[    0.546285] ACPI: Interpreter enabled
[    0.547709] ACPI: (supports S0 S5)
[    0.548712] ACPI: Using IOAPIC for interrupt routing
[    0.550311] PCI: Using host bridge windows from ACPI; if necessary, use "pci=nocrs" and report a bug
[    0.557593] ACPI: PCI Root Bridge [PCI0] (domain 0000 [bus 00-ff])
[    0.559797] acpi PNP0A03:00: _OSC: OS supports [ASPM ClockPM Segments MSI]
[    0.562047] acpi PNP0A03:00: _OSC: not requesting OS control; OS requires [ExtendedConfig ASPM ClockPM MSI]
[    0.564824] acpi PNP0A03:00: fail to add MMCONFIG information, can't access extended PCI configuration space under this bridge.
[    0.571811] PCI host bridge to bus 0000:00
[    0.574536] pci_bus 0000:00: root bus resource [io  0x0000-0x0cf7 window]
[    0.577960] pci_bus 0000:00: root bus resource [io  0x0d00-0xffff window]
[    0.581860] pci_bus 0000:00: root bus resource [mem 0x000a0000-0x000bffff window]
[    0.584064] pci_bus 0000:00: root bus resource [mem 0x80000000-0xfdffffff window]
[    0.586208] pci_bus 0000:00: root bus resource [bus 00-ff]
[    0.590828] pci 0000:00:01.1: legacy IDE quirk: reg 0x10: [io  0x01f0-0x01f7]
[    0.592780] pci 0000:00:01.1: legacy IDE quirk: reg 0x14: [io  0x03f6]
[    0.594650] pci 0000:00:01.1: legacy IDE quirk: reg 0x18: [io  0x0170-0x0177]
[    0.597020] pci 0000:00:01.1: legacy IDE quirk: reg 0x1c: [io  0x0376]
[    0.617666] pci 0000:00:07.0: quirk: [io  0x4000-0x403f] claimed by PIIX4 ACPI
[    0.635636] pci 0000:00:07.0: quirk: [io  0x4100-0x410f] claimed by PIIX4 SMB
[    0.650244] ACPI: PCI Interrupt Link [LNKA] (IRQs 5 9 10 *11)
[    0.652557] ACPI: PCI Interrupt Link [LNKB] (IRQs 5 9 *10 11)
[    0.656159] ACPI: PCI Interrupt Link [LNKC] (IRQs 5 *9 10 11)
[    0.660745] ACPI: PCI Interrupt Link [LNKD] (IRQs 5 9 10 *11)
[    0.663618] ACPI: Enabled 2 GPEs in block 00 to 07
[    0.665670] vgaarb: setting as boot device: PCI:0000:00:02.0
[    0.667430] vgaarb: device added: PCI:0000:00:02.0,decodes=io+mem,owns=io+mem,locks=none
[    0.669810] vgaarb: loaded
[    0.670787] vgaarb: bridge control possible 0000:00:02.0
[    0.672577] SCSI subsystem initialized
[    0.674288] ACPI: bus type USB registered
[    0.675545] usbcore: registered new interface driver usbfs
[    0.677450] usbcore: registered new interface driver hub
[    0.679214] usbcore: registered new device driver usb
[    0.681726] PCI: Using ACPI for IRQ routing
[    0.683657] NetLabel: Initializing
[    0.684904] NetLabel:  domain hash size = 128
[    0.686494] NetLabel:  protocols = UNLABELED CIPSOv4
[    0.688065] NetLabel:  unlabeled traffic allowed by default
[    0.690040] amd_nb: Cannot enumerate AMD northbridges
[    0.691566] clocksource: Switched to clocksource kvm-clock
[    0.702387] AppArmor: AppArmor Filesystem Enabled
[    0.703822] pnp: PnP ACPI init
[    0.706062] pnp: PnP ACPI: found 3 devices
[    0.720822] clocksource: acpi_pm: mask: 0xffffff max_cycles: 0xffffff, max_idle_ns: 2085701024 ns
[    0.723774] NET: Registered protocol family 2
[    0.725432] TCP established hash table entries: 16384 (order: 5, 131072 bytes)
[    0.728139] TCP bind hash table entries: 16384 (order: 6, 262144 bytes)
[    0.732313] TCP: Hash tables configured (established 16384 bind 16384)
[    0.736207] UDP hash table entries: 1024 (order: 3, 32768 bytes)
[    0.738223] UDP-Lite hash table entries: 1024 (order: 3, 32768 bytes)
[    0.740897] NET: Registered protocol family 1
[    0.742304] pci 0000:00:00.0: Limiting direct PCI/PCI transfers
[    0.744015] pci 0000:00:01.0: Activating ISA DMA hang workarounds
[    0.745999] Unpacking initramfs...
[    1.013582] Freeing initrd memory: 14828K
[    1.015336] clocksource: tsc: mask: 0xffffffffffffffff max_cycles: 0x328211acd6a, max_idle_ns: 440795259903 ns
[    1.017789] platform rtc_cmos: registered platform RTC device (no PNP device found)
[    1.020201] Scanning for low memory corruption every 60 seconds
[    1.022549] audit: initializing netlink subsys (disabled)
[    1.024493] audit: type=2000 audit(1566135302.266:1): initialized
[    1.026890] Initialise system trusted keyring
[    1.028594] HugeTLB registered 2 MB page size, pre-allocated 0 pages
[    1.032030] zbud: loaded
[    1.033175] VFS: Disk quotas dquot_6.6.0
[    1.034663] VFS: Dquot-cache hash table entries: 512 (order 0, 4096 bytes)
[    1.036670] squashfs: version 4.0 (2009/01/31) Phillip Lougher
[    1.038660] fuse init (API version 7.23)
[    1.040183] Key type big_key registered
[    1.041655] Allocating IMA MOK and blacklist keyrings.
[    1.046218] Key type asymmetric registered
[    1.048104] Asymmetric key parser 'x509' registered
[    1.049991] Block layer SCSI generic (bsg) driver version 0.4 loaded (major 249)
[    1.052224] io scheduler noop registered
[    1.053673] io scheduler deadline registered (default)
[    1.055194] io scheduler cfq registered
[    1.056976] pci_hotplug: PCI Hot Plug PCI Core version: 0.5
[    1.058590] pciehp: PCI Express Hot Plug Controller Driver version: 0.4
[    1.061124] ACPI: AC Adapter [AC] (off-line)
[    1.062556] input: Power Button as /devices/LNXSYSTM:00/LNXPWRBN:00/input/input0
[    1.065152] ACPI: Power Button [PWRF]
[    1.066630] input: Sleep Button as /devices/LNXSYSTM:00/LNXSLPBN:00/input/input1
[    1.069781] ACPI: Sleep Button [SLPF]
[    1.072832] ACPI: Battery Slot [BAT0] (battery present)
[    1.074511] GHES: HEST is not enabled!
[    1.075907] Serial: 8250/16550 driver, 32 ports, IRQ sharing enabled
[    1.099278] 00:02: ttyS0 a I/O 0x3f8 (irq = 4, base_baud = 115200) i a 16550A
    1.102808] Linux agpgart interface v0.103
[    1.108341] loop: module loaded
[    1.110267] scsi host0: ata_piix
[    1.113122] scsi host1: ata_piix
[    1.114264] ata1: PATA max UDMA/33 cmd 0x1f0 ctl 0x3f6 bmdma 0xd000 irq 14
[    1.116378] ata2: PATA max UDMA/33 cmd 0x170 ctl 0x376 bmdma 0xd008 irq 15
[    1.119055] libphy: Fixed MDIO Bus: probed
[    1.120283] tun: Universal TUN/TAP device driver, 1.6
[    1.121618] tun: (C) 1999-2004 Max Krasnyansky <maxk@qualcomm.com>
[    1.123372] PPP generic driver version 2.4.2
[    1.124802] ehci_hcd: USB 2.0 'Enhanced' Host Controller (EHCI) Driver
[    1.126433] ehci-pci: EHCI PCI platform driver
[    1.127495] ehci-platform: EHCI generic platform driver
[    1.128761] ohci_hcd: USB 1.1 'Open' Host Controller (OHCI) Driver
[    1.130164] ohci-pci: OHCI PCI platform driver
[    1.131203] ohci-platform: OHCI generic platform driver
[    1.132930] uhci_hcd: USB Universal Host Controller Interface driver
[    1.134799] i8042: PNP: PS/2 Controller [PNP0303:PS2K,PNP0f03:PS2M] at 0x60,0x64 irq 1,12
[    1.138213] serio: i8042 KBD port at 0x60,0x64 irq 1
[    1.139492] serio: i8042 AUX port at 0x60,0x64 irq 12
[    1.140727] mousedev: PS/2 mouse device common for all mice
[    1.142453] input: AT Translated Set 2 keyboard as /devices/platform/i8042/serio0/input/input2
[    1.145257] rtc_cmos rtc_cmos: rtc core: registered rtc_cmos as rtc0
[    1.147508] rtc_cmos rtc_cmos: alarms up to one day, 114 bytes nvram
[    1.149343] i2c /dev entries driver
[    1.150429] device-mapper: uevent: version 1.0.3
[    1.151658] device-mapper: ioctl: 4.34.0-ioctl (2015-10-28) initialised: dm-devel@redhat.com
[    1.154215] ledtrig-cpu: registered to indicate activity on CPUs
[    1.157249] NET: Registered protocol family 10
[    1.159865] NET: Registered protocol family 17
[    1.162055] Key type dns_resolver registered
[    1.164367] registered taskstats version 1
[    1.165838] Loading compiled-in X.509 certificates
[    1.168006] Loaded X.509 cert 'Build time autogenerated kernel key: 3e01e6df98386236d59670e6b2ed19a044d5324e'
[    1.170984] zswap: loaded using pool lzo/zbud
[    1.178852] Key type trusted registered
[    1.183261] Key type encrypted registered
[    1.184878] AppArmor: AppArmor sha1 policy hashing enabled
[    1.187101] ima: No TPM chip found, activating TPM-bypass!
[    1.190465] ima: Allocated hash algorithm: sha1
[    1.192059] evm: HMAC attrs: 0x1
[    1.193817]   Magic number: 15:771:584
[    1.195294] rtc_cmos rtc_cmos: setting system clock to 2019-08-18 13:34:56 UTC (1566135296)
[    1.198364] BIOS EDD facility v0.16 2004-Jun-25, 0 devices found
[    1.201862] EDD information not available.
[    1.277530] Freeing unused kernel memory: 1484K
[    1.279558] Write protecting the kernel read-only data: 14336k
[    1.283898] Freeing unused kernel memory: 1612K
[    1.286592] Freeing unused kernel memory: 64K
Loading, please wait...
starting version 229
[    1.307649] random: systemd-udevd: uninitialized urandom read (16 bytes read, 3 bits of entropy available)
[    1.308235] random: udevadm: uninitialized urandom read (16 bytes read, 3 bits of entropy available)
[    1.308257] random: udevadm: uninitialized urandom read (16 bytes read, 3 bits of entropy available)
[    1.316421] random: udevadm: uninitialized urandom read (16 bytes read, 3 bits of entropy available)
[    1.316469] random: udevadm: uninitialized urandom read (16 bytes read, 3 bits of entropy available)
[    1.316720] random: udevadm: uninitialized urandom read (16 bytes read, 3 bits of entropy available)
[    1.316772] random: udevadm: uninitialized urandom read (16 bytes read, 3 bits of entropy available)
[    1.316822] random: udevadm: uninitialized urandom read (16 bytes read, 3 bits of entropy available)
[    1.316876] random: udevadm: uninitialized urandom read (16 bytes read, 3 bits of entropy available)
[    1.316927] random: udevadm: uninitialized urandom read (16 bytes read, 3 bits of entropy available)
[    1.376502] e1000: Intel(R) PRO/1000 Network Driver - version 7.3.21-k8-NAPI
[    1.380602] e1000: Copyright (c) 1999-2006 Intel Corporation.
[    1.380657] Fusion MPT base driver 3.04.20
[    1.380657] Copyright (c) 1999-2008 LSI Corporation
[    1.398916] Fusion MPT SPI Host driver 3.04.20
[    1.417592] AVX2 version of gcm_enc/dec engaged.
[    1.419188] AES CTR mode by8 optimization enabled
[    1.659514] input: ImExPS/2 Generic Explorer Mouse as /devices/platform/i8042/serio1/input/input4
[    2.043711] e1000 0000:00:03.0 eth0: (PCI:33MHz:32-bit) 02:46:62:72:a1:53
[    2.046152] e1000 0000:00:03.0 eth0: Intel(R) PRO/1000 Network Connection
[    6.052604] e1000 0000:00:08.0 eth1: (PCI:33MHz:32-bit) 08:00:27:03:0d:a9
[    6.056950] e1000 0000:00:08.0 eth1: Intel(R) PRO/1000 Network Connection
[    6.059947] mptbase: ioc0: Initiating bringup
[    6.060110] e1000 0000:00:03.0 enp0s3: renamed from eth0
[    6.073764] e1000 0000:00:08.0 enp0s8: renamed from eth1
[    6.126866] ioc0: LSI53C1030 A0: Capabilities={Initiator}
[    7.448504] scsi host2: ioc0: LSI53C1030 A0, FwRev=00000000h, Ports=1, MaxQ=256, IRQ=20
[    7.596691] scsi 2:0:0:0: Direct-Access     VBOX     HARDDISK         1.0  PQ: 0 ANSI: 5
[    7.599347] scsi target2:0:0: Beginning Domain Validation
[    7.602279] scsi target2:0:0: Domain Validation skipping write tests
[    7.603856] scsi target2:0:0: Ending Domain Validation
[    7.605600] scsi target2:0:0: asynchronous
[    7.606906] scsi 2:0:1:0: Direct-Access     VBOX     HARDDISK         1.0  PQ: 0 ANSI: 5
[    7.608825] scsi target2:0:1: Beginning Domain Validation
[    7.610980] scsi target2:0:1: Domain Validation skipping write tests
[    7.621464] scsi target2:0:1: Ending Domain Validation
[    7.623344] scsi target2:0:1: asynchronous
[    7.632981] sd 2:0:0:0: [sda] 20971520 512-byte logical blocks: (10.7 GB/10.0 GiB)
[    7.633085] sd 2:0:0:0: Attached scsi generic sg0 type 0
[    7.639393] sd 2:0:0:0: [sda] Write Protect is off
[    7.639991] sd 2:0:1:0: [sdb] 20480 512-byte logical blocks: (10.5 MB/10.0 MiB)
[    7.640249] sd 2:0:1:0: [sdb] Write Protect is off
[    7.640478] sd 2:0:1:0: [sdb] Incomplete mode parameter data
[    7.640480] sd 2:0:1:0: [sdb] Assuming drive cache: write through
[    7.643924] sd 2:0:1:0: Attached scsi generic sg1 type 0
[    7.652051] sd 2:0:0:0: [sda] Incomplete mode parameter data
[    7.654340] sd 2:0:0:0: [sda] Assuming drive cache: write through
[    7.660117]  sda: sda1
[    7.660563] sd 2:0:1:0: [sdb] Attached SCSI disk
[    7.663637] sd 2:0:0:0: [sda] Attached SCSI disk
Begin: Loading essential drivers ... [    9.082924] md: linear personality registered for level -1
[    9.090088] md: multipath personality registered for level -4
[    9.097248] md: raid0 personality registered for level 0
[    9.105489] md: raid1 personality registered for level 1
[    9.179949] raid6: sse2x1   gen()  5558 MB/s
[    9.247882] raid6: sse2x1   xor()  4327 MB/s
[    9.315901] raid6: sse2x2   gen()  7788 MB/s
[    9.387836] raid6: sse2x2   xor()  8256 MB/s
[    9.456181] raid6: sse2x4   gen() 13844 MB/s
[    9.523753] raid6: sse2x4   xor() 11921 MB/s
[    9.591622] raid6: avx2x1   gen() 24270 MB/s
[    9.660164] raid6: avx2x2   gen() 28435 MB/s
[    9.727861] raid6: avx2x4   gen() 32379 MB/s
[    9.729348] raid6: using algorithm avx2x4 gen() 32379 MB/s
[    9.731132] raid6: using avx2x2 recovery algorithm
[    9.733958] xor: automatically using best checksumming function:
[    9.775688]    avx       : 29284.000 MB/sec
[    9.778640] async_tx: api initialized (async)
[    9.789434] md: raid6 personality registered for level 6
[    9.791628] md: raid5 personality registered for level 5
[    9.793603] md: raid4 personality registered for level 4
[    9.801812] md: raid10 personality registered for level 10
done.
Begin: Running /scripts/init-premount ... done.
Begin: Mounting root file system ... Begin: Running /scripts/local-top ... done.
Begin: Running /scripts/local-premount ... [    9.830992] Btrfs loaded
Scanning for Btrfs filesystems
done.
Warning: fsck not present, so skipping root file system
[    9.860910] EXT4-fs (sda1): mounted filesystem with ordered data mode. Opts: (null)
done.
Begin: Running /scripts/local-bottom ... done.
Begin: Running /scripts/init-bottom ... done.
[    9.976547] systemd[1]: systemd 229 running in system mode. (+PAM +AUDIT +SELINUX +IMA +APPARMOR +SMACK +SYSVINIT +UTMP +LIBCRYPTSETUP +GCRYPT +GNUTLS +ACL +XZ -LZ4 +SECCOMP +BLKID +ELFUTILS +KMOD -IDN)
[    9.982007] systemd[1]: Detected virtualization oracle.
[    9.984208] systemd[1]: Detected architecture x86-64.

Welcome to [1mUbuntu 16.04.6 LTS[0m!

[    9.991138] systemd[1]: Set hostname to <k8s-node-1>.
[   10.135238] systemd[1]: Configuration file /lib/systemd/system/kubelet.service is marked world-inaccessible. This has no effect as configuration data is accessible via APIs without restrictions. Proceeding anyway.
[   10.143545] systemd[1]: Configuration file /etc/systemd/system/kubelet.service.d/10-kubeadm.conf is marked world-inaccessible. This has no effect as configuration data is accessible via APIs without restrictions. Proceeding anyway.
[   10.157638] systemd[1]: Started Forward Password Requests to Wall Directory Watch.
[[0;32m  OK  [0m] Started Forward Password Requests to Wall Directory Watch.
[   10.161318] systemd[1]: Created slice User and Session Slice.
[[0;32m  OK  [0m] Created slice User and Session Slice.
[   10.163990] systemd[1]: Listening on Journal Socket (/dev/log).
[[0;32m  OK  [0m] Listening on Journal Socket (/dev/log).
[   10.166868] systemd[1]: Set up automount Arbitrary Executable File Formats File System Automount Point.
[[0;32m  OK  [0m] Set up automount Arbitrary Executab...ats File System Automount Point.
[   10.170796] systemd[1]: Listening on udev Control Socket.
[[0;32m  OK  [0m] Listening on udev Control Socket.
[   10.173261] systemd[1]: Reached target Swap.
[[0;32m  OK  [0m] Reached target Swap.
[   10.175941] systemd[1]: Listening on Journal Audit Socket.
[[0;32m  OK  [0m] Listening on Journal Audit Socket.
[   10.179396] systemd[1]: Reached target User and Group Name Lookups.
[[0;32m  OK  [0m] Reached target User and Group Name Lookups.
[   10.188657] systemd[1]: Listening on Syslog Socket.
[[0;32m  OK  [0m] Listening on Syslog Socket.
[   10.196528] systemd[1]: Created slice System Slice.
[[0;32m  OK  [0m] Created slice System Slice.
[   10.203910] systemd[1]: Reached target Slices.
[[0;32m  OK  [0m] Reached target Slices.
[   10.212238] systemd[1]: Listening on Journal Socket.
[[0;32m  OK  [0m] Listening on Journal Socket.
[   10.228161] systemd[1]: Starting Remount Root and Kernel File Systems...
         Starting Remount Root and Kernel File Systems...
[   10.240883] systemd[1]: Starting Nameserver information manager...
         Starting Nameserver information manager...
[   10.244661] systemd[1]: Starting Journal Service...
         Starting Journal Service...
[   10.249522] systemd[1]: Mounting POSIX Message Queue File System...
[   10.249992] EXT4-fs (sda1): re-mounted. Opts: (null)
         Mounting POSIX Message Queue File System...
[   10.256747] systemd[1]: Starting Set console keymap...
         Starting Set console keymap...
[   10.263011] systemd[1]: Starting Load Kernel Modules...
         Starting Load Kernel Modules...
[   10.276452] Loading iSCSI transport class v2.0-870.
[   10.276954] systemd[1]: Starting Uncomplicated firewall...
         Starting Uncomplicated firewall...
[   10.283435] systemd[1]: Mounting Debug File System...
         Mounting Debug File System...
[   10.288630] systemd[1]: Listening on LVM2 metadata daemon socket.
[[0;32m  OK  [0m] Listening on LVM2 metadata daemon socket.
[   10.292190] systemd[1]: Started Trigger resolvconf update for networkd DNS.
[[0;32m  OK  [0m] Started Trigger resolvconf update for networkd DNS.
[   10.295799] systemd[1]: Listening on /dev/initctl Compatibility Named Pipe.
[   10.298373] iscsi: registered transport (tcp)
[[0;32m  OK  [0m] Listening on /dev/initctl Compatibility Named Pipe.
[   10.315703] systemd[1]: Mounting Huge Pages File System...
         Mounting Huge Pages File System...
[   10.327990] systemd[1]: Reached target System Time Synchronized.
[[0;32m  OK  [0m] Reached target System Time Synchronized.
[   10.331742] systemd[1]: Listening on Device-mapper event daemon FIFOs.
[[0;32m  OK  [0m] Listening on Device-mapper event daemon FIFOs.
[   10.336844] systemd[1]: Starting Monitoring of LVM2 mirrors, snapshots etc. using dmeventd or progress polling...
[   10.340965] iscsi: registered transport (iser)
         Starting Monitoring of LVM2 mirrors... dmeventd or progress polling...
[   10.344825] systemd[1]: Listening on udev Kernel Socket.
[[0;32m  OK  [0m] Listening on udev Kernel Socket.
[   10.348924] systemd[1]: Created slice system-serial\x2dgetty.slice.
[[0;32m  OK  [0m] Created slice system-serial\x2dgetty.slice.
[   10.353496] systemd[1]: Reached target Encrypted Volumes.
[[0;32m  OK  [0m] Reached target Encrypted Volumes.
[   10.357908] systemd[1]: Listening on LVM2 poll daemon socket.
[[0;32m  OK  [0m] Listening on LVM2 poll daemon socket.
[   10.388588] systemd[1]: Starting Create list of required static device nodes for the current kernel...
         Starting Create list of required st... nodes for the current kernel...
[   10.399787] systemd[1]: Mounted Debug File System.
[[0;32m  OK  [0m] Mounted Debug File System.
[   10.404039] systemd[1]: Mounted POSIX Message Queue File System.
[[0;32m  OK  [0m] Mounted POSIX Message Queue File System.
[   10.409253] systemd[1]: Mounted Huge Pages File System.
[[0;32m  OK  [0m] Mounted Huge Pages File System.
[   10.414124] systemd[1]: Started Journal Service.
[[0;32m  OK  [0m] Started Journal Service.
[[0;32m  OK  [0m] Started Remount Root and Kernel File Systems.
[[0;32m  OK  [0m] Started Set console keymap.
[[0;32m  OK  [0m] Started Load Kernel Modules.
[[0;32m  OK  [0m] Started Uncomplicated firewall.
[[0;32m  OK  [0m] Started Create list of required sta...ce nodes for the current kernel.
[[0;32m  OK  [0m] Started Nameserver information manager.
[[0;32m  OK  [0m] Started LVM2 metadata daemon.
         Starting Create Static Device Nodes in /dev...
         Mounting FUSE Control File System...
         Starting Apply Kernel Variables...
         Starting Load/Save Random Seed...
         Starting udev Coldplug all Devices...
         Starting Flush Journal to Persistent Storage...
[[0;32m  OK  [0m] Mounted FUSE Control File System.
[[0;32m  OK  [0m] Started Create Static Device Nodes in /dev.
[[0;32m  OK  [0m] Started Apply Kernel Variables.
[[0;32m  OK  [0m] Started Load/Save Random Seed.
[[0;32m  OK  [0m] Started udev Coldplug all Devices.
[[0;32m  OK  [0m] Started Flush Journal to Persistent Storage.
         Starting udev Kernel Device Manager...
[[0;32m  OK  [0m] Started udev Kernel Device Manager.
[[0;32m  OK  [0m] Started Dispatch Password Requests to Console Directory Watch.
[[0;32m  OK  [0m] Started Monitoring of LVM2 mirrors,...ng dmeventd or progress polling.
[[0;32m  OK  [0m] Reached target Local File Systems (Pre).
[[0;32m  OK  [0m] Reached target Local File Systems.
         Starting LSB: AppArmor initialization...
         Starting Tell Plymouth To Write Out Runtime Data...
         Starting Create Volatile Files and Directories...
         Starting Initial cloud-init job (pre-networking)...
         Starting LSB: ebtables ruleset management...
         Starting Set console font and keymap...
[[0;32m  OK  [0m] Started Tell Plymouth To Write Out Runtime Data.
[[0;32m  OK  [0m] Started Create Volatile Files and Directories.
[[0;32m  OK  [0m] Found device /dev/ttyS0.
         Starting Update UTMP about System Boot/Shutdown...
[[0;32m  OK  [0m] Started Update UTMP about System Boot/Shutdown.
[[0;32m  OK  [0m] Started LSB: ebtables ruleset management.
[[0;32m  OK  [0m] Listening on Load/Save RF Kill Switch Status /dev/rfkill Watch.
[[0;32m  OK  [0m] Found device 82540EM Gigabit Ethern...r (PRO/1000 MT Desktop Adapter).
[[0;32m  OK  [0m] Started LSB: AppArmor initialization.
[[0;32m  OK  [0m] Found device 82540EM Gigabit Ethern...r (PRO/1000 MT Desktop Adapter).
[   11.839925] cloud-init[505]: Cloud-init v. 19.1-1-gbaa47854-0ubuntu1~16.04.1 running 'init-local' at Sun, 18 Aug 2019 13:35:07 +0000. Up 11.48 seconds.
[[0;32m  OK  [0m] Started Set console font and keymap.
[[0;32m  OK  [0m] Started Initial cloud-init job (pre-networking).
[[0;32m  OK  [0m] Reached target Network (Pre).
[[0;32m  OK  [0m] Started ifup for enp0s8.
[[0;32m  OK  [0m] Started ifup for enp0s3.
         Starting Raise network interfaces...
[[0;32m  OK  [0m] Created slice system-getty.slice.
[[0;32m  OK  [0m] Started Raise network interfaces.
         Starting Initial cloud-init job (metadata service crawler)...
[[0;32m  OK  [0m] Reached target Network.
[   12.588852] cloud-init[1090]: Cloud-init v. 19.1-1-gbaa47854-0ubuntu1~16.04.1 running 'init' at Sun, 18 Aug 2019 13:35:07 +0000. Up 12.31 seconds.
[   12.596456] cloud-init[1090]: ci-info: ++++++++++++++++++++++++++++++++++++++Net device info++++++++++++++++++++++++++++++++++++++
[   12.604337] cloud-init[1090]: ci-info: +--------+------+----------------------------+---------------+--------+-------------------+
[   12.612510] cloud-init[1090]: ci-info: | Device |  Up  |          Address           |      Mask     | Scope  |     Hw-Address    |
[   12.615249] cloud-init[1090]: ci-info: +--------+------+----------------------------+---------------+--------+-------------------+
[   12.618195] cloud-init[1090]: ci-info: | enp0s3 | True |         10.0.2.15          | 255.255.255.0 | global | 02:46:62:72:a1:53 |
[   12.624531] cloud-init[1090]: ci-info: | enp0s3 | True | fe80::46:62ff:fe72:a153/64 |       .       |  link  | 02:46:62:72:a1:53 |
[   12.628870] cloud-init[1090]: ci-info: | enp0s8 | True |       192.168.205.11       | 255.255.255.0 | global | 08:00:27:03:0d:a9 |
[   12.636578] [[0;32m  OK  [0m] Started Initial cloud-init job (metadata service crawler).
[[0;32m  OK  [0m] Reached target Cloud-config availability.
[[0;32m  OK  [0m] Reached target System Initialization.
         Starting Docker Socket for the API.
[[0;32m  OK  [0m] Started Daily Cleanup of Temporary Directories.
[[0;32m  OK  [0m] Listening on ACPID Listen Socket.
[[0;32m  OK  [0m] Started Daily apt download activities.
cloud-init[1090]: ci-info: | enp0s8 | True | fe80::a00:27ff:fe03:da9/64 |       .       |  link  | 08:00:27:03:0d:a9 |
[   12.653281] [[0;32m  OK  [0m] Started ACPI Events Check.
cloud-init[[1090]: [0;32m  OK  [0mci-info: |   lo   | True |         127.0.0.1          |   255.0.0.0   |  host  |         .         |] 
Reached target Paths.
[   12.655218] cloud-init[1090]:          Starting LXD - unix socket.
[[0;32m  OK  [0m] Started Daily apt upgrade and clean activities.
[[0;32m  OK  [0m] Reached target Timers.
         Starting Socket activation for snappy daemon.
[[0;32m  OK  [0m] Listening on D-Bus System Message Bus Socket.
[[0;32m  OK  [0m] Listening on UUID daemon activation socket.
[[0;32m  OK  [0m] Reached target Network is Online.
ci-info: |   lo   | True |          ::1/128           |       .       |  host  |         .         |
[   12.673077] cloud-init[1090]: ci-info: +--------+------+----------------------------+---------------+--------+-------------------+
[   12.680543] cloud-init         Starting iSCSI initiator daemon (iscsid)...
[[0;32m  OK  [0m] Listening on Docker Socket for the API.
[[0;32m  OK  [0m] Listening on LXD - unix socket.
[[0;32m  OK  [0m] Listening on Socket activation for snappy daemon.
[1090]: ci-info: ++++++++++++++++++++++++++++Route IPv4 info+++++++++++++++++++++++++++++
[   12.688304] cloud-init[1090]: ci-info: +-------+---------------+----------+---------------+-----------+-------+[[0;32m  OK  [0m] Reached target Sockets.
[[0;32m  OK  [0m] Reached target Basic System.

         Starting System Logging Service...
         Starting LSB: MD monitoring daemon...
         Starting LXD - container startup/shutdown...
         Starting Docker Application Container Engine...
         Starting Accounts Service...
         Starting Login Service...
         Starting Pollinate to seed the pseudo random number generator...
[   12.694448] cloud-init[1090]: ci-info: | Route |  Destination  | Gateway  |    Genmask    | Interface | Flags |
[   12.720607] cloud-init[1090]: ci-info: +-------+---------------+----------+---------------+-----------+-------+
         Starting Snappy daemon...
[   12.725064] cloud-init[1090]: ci-info: |   0   |    0.0.0.0    | 10.0.2.2 |    0.0.0.0    |   enp0s3  |   UG  |
[[0;32m  OK  [0m] Started ACPI event daemon.
[   12.787502] cloud-init[1090]: ci-info: |   1   |    10.0.2.0   | 0.0.0.0  | 255.255.255.0 |   enp0s3  |   U   |
[   12.794817] cloud-init[1090]: ci-info: |   2   | 192.168.205.0 | 0.0.0.0  | 255.255.255.0 |   enp0s8  |   U   |
[   12.808792] cloud-init[1090]: ci-info: +-------+---------------+----------+---------------+-----------+-------+
[   12.809117] cloud-init[1090]: ci-info: +++++++++++++++++++Route IPv6 info+++++++++++++++++++
[   12.810033] cloud-init[1090]: ci-info: +-------+-------------+---------+-----------+-------+
[   12.810946] cloud-init[1090]: ci-info: | Route | Destination | Gateway | Interface | Flags |
[   12.811845] cloud-init[1090]: ci-info: +-------+-------------+---------+-----------+-------+
[   12.815009] cloud-init[1090]: ci-info: |   0   |  fe80::/64  |    ::   |   enp0s8  |   U   |
[   12.816504] cloud-init[1090]: ci-info: |   1   |  fe80::/64  |    ::   |   enp0s3  |   U   |
[   12.817397] cloud-init[1090]: ci-info: |   4   |   ff00::/8  |    ::   |   enp0s8  |   U   |
[   12.818335] cloud-init[1090]: ci-info: |   5   |   ff00::/8  |    ::   |   enp0s3  |   U   |
[   12.819204] cloud-init[1090]: ci-info: +-------+-------------+---------+-----------+-------+
         Starting Virtualbox guest utils...
[[0;32m  OK  [0m] Started D-Bus System Message Bus.
         Starting /etc/rc.local Compatibility...
[[0;32m  OK  [0m] Started Regular background program processing daemon.
         Starting LSB: Record successful boot for GRUB...
[[0;32m  OK  [0m] Started FUSE filesystem for LXC.
[[0;32m  OK  [0m] Started Deferred execution scheduler.
[[0;32m  OK  [0m] Started kubelet: The Kubernetes Node Agent.
[[0;32m  OK  [0m] Started System Logging Service.
[[0;32m  OK  [0m] Started iSCSI initiator daemon (iscsid).
[[0;32m  OK  [0m] Started /etc/rc.local Compatibility.
[[0;32m  OK  [0m] Started LXD - container startup/shutdown.
[[0;32m  OK  [0m] Started Login Service.
[[0;32m  OK  [0m] Started Unattended Upgrades Shutdown.
         Starting Authenticate and Authorize Users to Run Privileged Tasks...
         Starting Login to default iSCSI targets...
[[0;32m  OK  [0m] Started LSB: Record successful boot for GRUB.
[[0;32m  OK  [0m] Started LSB: MD monitoring daemon.
[[0;32m  OK  [0m] Started Login to default iSCSI targets.
[[0;32m  OK  [0m] Started Authenticate and Authorize Users to Run Privileged Tasks.
[[0;32m  OK  [0m] Started Snappy daemon.
[[0;32m  OK  [0m] Started Accounts Service.
         Starting Wait until snapd is fully seeded...
[[0;32m  OK  [0m] Reached target Remote File Systems (Pre).
[[0;32m  OK  [0m] Reached target Remote File Systems.
         Starting LSB: daemon to balance interrupts for SMP systems...
         Starting LSB: automatic crash report generation...
         Starting LSB: Set the CPU Frequency Scaling governor to "ondemand"...
         Starting Permit User Sessions...
         Starting LSB: Set up cgroupfs mounts....
[[0;32m  OK  [0m] Started Virtualbox guest utils.
[[0;32m  OK  [0m] Started Permit User Sessions.
[[0;32m  OK  [0m] Started LSB: Set up cgroupfs mounts..
         Starting Hold until boot process finishes up...
         Starting Terminate Plymouth Boot Screen...
[[0;32m  OK  [0m] Started LSB: Set the CPU Frequency Scaling governor to "ondemand".
[[0;32m  OK  [0m] Started Hold until boot process finishes up.
[[0;32m  OK  [0m] Started Getty on tty1.
         Starting Set console scheme...
[[0;32m  OK  [0m] Started Serial Getty on ttyS0.
[[0;32m  OK  [0m] Reached target Login Prompts.
[[0;32m  OK  [0m] Started Wait until snapd is fully seeded.
[[0;32m  OK  [0m] Started LSB: daemon to balance interrupts for SMP systems.
[[0;32m  OK  [0m] Started LSB: automatic crash report generation.
[[0;32m  OK  [0m] Started Terminate Plymouth Boot Screen.
[[0;32m  OK  [0m] Started Set console scheme.
         Starting Apply the settings specified in cloud-config...
[[0;32m  OK  [0m] Started Kubernetes systemd probe.
[   13.875333] cloud-init[1393]: Cloud-init v. 19.1-1-gbaa47854-0ubuntu1~16.04.1 running 'modules:config' at Sun, 18 Aug 2019 13:35:09 +0000. Up 13.80 seconds.
[[0;32m  OK  [0m] Started Apply the settings specified in cloud-config.
[[0;32m  OK  [0m] Started Docker Application Container Engine.

Ubuntu 16.04.6 LTS k8s-node-1 ttyS0

k8s-node-1 login: [   23.565378] cloud-init[2129]: Cloud-init v. 19.1-1-gbaa47854-0ubuntu1~16.04.1 running 'modules:final' at Sun, 18 Aug 2019 13:35:19 +0000. Up 23.47 seconds.
[   23.565816] cloud-init[2129]: Cloud-init v. 19.1-1-gbaa47854-0ubuntu1~16.04.1 finished at Sun, 18 Aug 2019 13:35:19 +0000. Datasource DataSourceNoCloud [seed=/dev/sdb][dsmode=net].  Up 23.56 seconds
[[0;32m  OK  [0m] Stopped Kubernetes transient mount ...s.io~secret/default-token-kmf7z.
         Stopping Session 2 of user vagrant.
         Stopping ACPI event daemon...
[[0;32m  OK  [0m] Stopped Kubernetes transient mount ...s.io~secret/default-token-kmf7z.
[[0;32m  OK  [0m] Stopped Kubernetes transient mount ...s.io~secret/default-token-kmf7z.
[[0;32m  OK  [0m] Stopped Kubernetes transient mount ...o~secret/kube-proxy-token-pv55r.
         Stopping Authenticate and Authorize Users to Run Privileged Tasks...
[[0;32m  OK  [0m] Stopped target Cloud-init target.
[[0;32m  OK  [0m] Stopped Execute cloud user/final scripts.
[[0;32m  OK  [0m] Stopped Apply the settings specified in cloud-config.
[[0;32m  OK  [0m] Stopped target Cloud-config availability.
[[0;32m  OK  [0m] Stopped target Graphical Interface.
[[0;32m  OK  [0m] Stopped target Multi-User System.
         Stopping Deferred execution scheduler...
         Stopping LXD - container startup/shutdown...
         Stopping System Logging Service...
         Stopping Virtualbox guest utils...
         Stopping Docker Application Container Engine...
         Stopping FUSE filesystem for LXC...
         Stopping kubelet: The Kubernetes Node Agent...
         Stopping Regular background program processing daemon...
         Stopping D-Bus System Message Bus...
         Stopping LSB: Set the CPU Frequency Scaling governor to "ondemand"...
         Stopping LSB: MD monitoring daemon...
         Stopping Accounts Service...
         Stopping LSB: daemon to balance interrupts for SMP systems...
         Stopping Unattended Upgrades Shutdown...
[[0;32m  OK  [0m] Stopped Kubernetes transient mount ...s.io~secret/default-token-kmf7z.
[[0;32m  OK  [0m] Stopped Kubernetes transient mount ...s.io~secret/default-token-kmf7z.
         Stopping LSB: Record successful boot for GRUB...
[[0;32m  OK  [0m] Stopped target Login Prompts.
         Stopping Getty on tty1...
         Stopping Serial Getty on ttyS0...
[[0;32m  OK  [0m] Stoppe
         Stopping OpenBSD Secure Shell server...
         Stopping LSB: Set up cgroupfs mounts....
[[0;32m  OK  [0m] Closed Load/Save RF Kill Switch Status /dev/rfkill Watch.
         Stopping LSB: automatic crash report generation...
         Stopping User Manager for UID 1000...
[[0;32m  OK  [0m] Stopped Wait until snapd is fully seeded.
[[0;32m  OK  [0m] Stopped target Timers.
[[0;32m  OK  [0m] Stopped Daily apt upgrade and clean activities.
[[0;32m  OK  [0m] Stopped Daily apt download activities.
[[0;32m  OK  [0m] Stopped target System Time Synchronized.
[[0;32m  OK  [0m] Stopped Daily Cleanup of Temporary Directories.
[[0;32m  OK  [0m] Unmounted /var/lib/lxcfs.
[[0;32m  OK  [0m] Stopped System Logging Service.
[[0;32m  OK  [0m] Stopped Accounts Service.
[[0;32m  OK  [0m] Stopped ACPI event daemon.
[[0;32m  OK  [0m] Stopped Regular background program processing daemon.
[[0;32m  OK  [0m] Stopped Deferred execution scheduler.
[[0;32m  OK  [0m] Stopped Authenticate and Authorize Users to Run Privileged Tasks.
[[0;32m  OK  [0m] Stopped Getty on tty1.
[[0;32m  OK  [0m] Stopped Serial Getty on ttyS0.
[[0;32m  OK  [0m] Stopped OpenBSD Secure Shell server.
[[0;32m  OK  [0m] Stopped User Manager for UID 1000.
[[0;32m  OK  [0m] Stopped kubelet: The Kubernetes Node Agent.
[[0;32m  OK  [0m] Stopped Session 2 of user vagrant.
[[0;32m  OK  [0m] Stopped D-Bus System Message Bus.
[[0;32m  OK  [0m] Stopped LSB: Set up cgroupfs mounts..
[[0;32m  OK  [0m] Stopped FUSE filesystem for LXC.
[[0;32m  OK  [0m] Stopped LXD - container startup/shutdown.
[[0;32m  OK  [0m] Stopped Unattended Upgrades Shutdown.
[[0;32m  OK  [0m] Stopped LSB: Set the CPU Frequency Scaling governor to "ondemand".
[[0;32m  OK  [0m] Stopped LSB: MD monitoring daemon.
[[0;32m  OK  [0m] Stopped LSB: daemon to balance interrupts for SMP systems.
[[0;32m  OK  [0m] Stopped LSB: Record successful boot for GRUB.
[[0;32m  OK  [0m] Stopped Virtualbox guest utils.
[[0;32m  OK  [0m] Stopped LSB: automatic crash report generation.
[[0;32m  OK  [0m] Unmounted /var/lib/docker/container...9a83b8e856f8ff8fbbe850e6227/shm.
[[0;32m  OK  [0m] Removed slice User Slice of vagrant.
         Stopping Login Service...
[[0;32m  OK  [0m] Removed slice system-serial\x2dgetty.slice.
[[0;32m  OK  [0m] Stopped /etc/rc.local Compatibility.
         Stopping Permit User Sessions...
[[0;32m  OK  [0m] Removed slice system-getty.slice.
[[0;32m  OK  [0m] Unmounted /run/docker/netns/b88151efcd7e.
[[0;32m  OK  [0m] Unmounted /var/lib/docker/container...baef996e66d26911bef30a2db51/shm.
[[0;32m  OK  [0m] Unmounted /var/lib/docker/aufs/mnt/...f95667aee39423069eb566d6cdd03b8.
[[0;32m  OK  [0m] Stopped Permit User Sessions.
[[0;32m  OK  [0m] Stopped target Remote File Systems.
[[0;32m  OK  [0m] Stopped target Remote File Systems (Pre).
         Stopping Login to default iSCSI targets...
[[0;32m  OK  [0m] Unmounted /var/lib/docker/aufs/mnt/...ae4be9c6e927049f8576fd6c7818a79.
[[0;32m  OK  [0m] Unmounted /run/docker/netns/0271b43a3cb1.
[[0;32m  OK  [0m] Unmounted /var/lib/docker/container...eb5273d043de1df690fe596d263/shm.
[[0;32m  OK  [0m] Stopped Login Service.
[[0;32m  OK  [0m] Stopped target User and Group Name Lookups.
[[0;32m  OK  [0m] Unmounted /var/lib/docker/aufs/mnt/...9098daacdd0de6f72670d1b2ba09d89.
[[0;32m  OK  [0m] Unmounted /var/lib/docker/aufs/mnt/...103cf6e353cfc88f09926d23f19d674.
[[0;32m  OK  [0m] Unmounted /var/lib/docker/aufs/mnt/...dd47568c783c9c8eb879c258ea365a7.
[[0;32m  OK  [0m] Unmounted /var/lib/docker/aufs/mnt/...c17329d199c61bfd7591c4089192896.
[[0;32m  OK  [0m] Unmounted /var/lib/docker/container...3cab47381561515cdf8d6fbab27/shm.
[[0;32m  OK  [0m] Stopped Login to default iSCSI targets.
         Stopping iSCSI initiator daemon (iscsid)...
[[0;32m  OK  [0m] Stopped iSCSI initiator daemon (iscsid).
[[0;32m  OK  [0m] Unmounted /var/lib/docker/aufs/mnt/...54e6ddfe6ccffe2ee8e8f51d929c899.
[[0;32m  OK  [0m] Stopped target Network is Online.
[[0;32m  OK  [0m] Unmounted /var/lib/docker/aufs/mnt/...ee1f5b50383abc06220085f3eeda5ed.
[[0;32m  OK  [0m] Unmounted /var/lib/docker/aufs/mnt/...120635de61ada372aae4bb9da805221.
[[0;32m  OK  [0m] Unmounted /var/lib/docker/aufs.
[[0;32m  OK  [0m] Unmounted /var/lib/docker/aufs/mnt/...febb07abbec543b8eb0926aeab91624.
[[0;32m  OK  [0m] Stopped Docker Application Container Engine.
[[0;32m  OK  [0m] Stopped target Basic System.
[[0;32m  OK  [0m] Stopped target Slices.
[[0;32m  OK  [0m] Removed slice User and Session Slice.
[[0;32m  OK  [0m] Stopped target Sockets.
[[0;32m  OK  [0m] Closed LXD - unix socket.
[[0;32m  OK  [0m] Closed UUID daemon activation socket.
[[0;32m  OK  [0m] Closed Socket activation for snappy daemon.
[[0;32m  OK  [0m] Closed Syslog Socket.
[[0;32m  OK  [0m] Closed D-Bus System Message Bus Socket.
[[0;32m  OK  [0m] Closed ACPID Listen Socket.
[[0;32m  OK  [0m] Stopped target Paths.
[[0;32m  OK  [0m] Stopped Dispatch Password Requests to Console Directory Watch.
[[0;32m  OK  [0m] Stopped Forward Password Requests to Wall Directory Watch.
[[0;32m  OK  [0m] Stopped ACPI Events Check.
[[0;32m  OK  [0m] Stopped target Network.
[[0;32m  OK  [0m] Closed Docker Socket for the API.
[[0;32m  OK  [0m] Stopped target System Initialization.
[[0;32m  OK  [0m] Stopped target Encrypted Volumes.
         Stopping Load/Save Random Seed...
[[0;32m  OK  [0m] Stopped Initial cloud-init job (metadata service crawler).
         Stopping Raise network interfaces...
[[0;32m  OK  [0m] Stopped target Swap.
         Stopping Update UTMP about System Boot/Shutdown...
         Stopping LSB: ebtables ruleset management...
[[0;32m  OK  [0m] Stopped Load/Save Random Seed.
[[0;32m  OK  [0m] Stopped Update UTMP about System Boot/Shutdown.
[[0;32m  OK  [0m] Stopped Create Volatile Files and Directories.
[[0;32m  OK  [0m] Stopped LSB: ebtables ruleset management.
[[0;32m  OK  [0m] Stopped Raise network interfaces.
[[0;32m  OK  [0m] Stopped target Local File Systems.
         Unmounting /run/user/1000...
         Unmounting /run/docker/netns/default...
         Unmounting /vagrant...
         Unmounting /var/lib/kubelet/pods/74...ecret/calico-node-token-6lddb...
         Unmounting /var/lib/kubelet/pods/78...io~secret/default-token-kmf7z...
         Unmounting /var/lib/kubelet/pods/de...secret/kube-proxy-token-pv55r...
         Unmounting /var/lib/kubelet/pods/6a...io~secret/default-token-kmf7z...
[[0;32m  OK  [0m] Stopped target Network (Pre).
[[0;32m  OK  [0m] Stopped Initial cloud-init job (pre-networking).
[[0;32m  OK  [0m] Stopped Apply Kernel Variables.
[[0;32m  OK  [0m] Stopped Load Kernel Modules.
[[0;32m  OK  [0m] Unmounted /run/user/1000.
[[0;32m  OK  [0m] Unmounted /run/docker/netns/default.
[[0;32m  OK  [0m] Unmounted /vagrant.
[[0;32m  OK  [0m] Unmounted /var/lib/kubelet/pods/74e...~secret/calico-node-token-6lddb.
[[0;32m  OK  [0m] Unmounted /var/lib/kubelet/pods/789...s.io~secret/default-token-kmf7z.
[[0;32m  OK  [0m] Unmounted /var/lib/kubelet/pods/de1...o~secret/kube-proxy-token-pv55r.
[[0;32m  OK  [0m] Unmounted /var/lib/kubelet/pods/6a1...s.io~secret/default-token-kmf7z.
[[0;32m  OK  [0m] Reached target Unmount All Filesystems.
[[0;32m  OK  [0m] Stopped target Local File Systems (Pre).
         Stopping Monitoring of LVM2 mirrors... dmeventd or progress polling...
[[0;32m  OK  [0m] Stopped Create Static Device Nodes in /dev.
[[0;32m  OK  [0m] Stopped Remount Root and Kernel File Systems.
[[0;32m  OK  [0m] Reached target Shutdown.
[ 2931.731558] reboot: Restarting system
[    0.000000] Initializing cgroup subsys cpuset
[    0.000000] Initializing cgroup subsys cpu
[    0.000000] Initializing cgroup subsys cpuacct
[    0.000000] Linux version 4.4.0-157-generic (buildd@lgw01-amd64-037) (gcc version 5.4.0 20160609 (Ubuntu 5.4.0-6ubuntu1~16.04.10) ) #185-Ubuntu SMP Tue Jul 23 09:17:01 UTC 2019 (Ubuntu 4.4.0-157.185-generic 4.4.181)
[    0.000000] Command line: BOOT_IMAGE=/boot/vmlinuz-4.4.0-157-generic root=LABEL=cloudimg-rootfs ro console=tty1 console=ttyS0
[    0.000000] KERNEL supported cpus:
[    0.000000]   Intel GenuineIntel
[    0.000000]   AMD AuthenticAMD
[    0.000000]   Centaur CentaurHauls
[    0.000000] x86/fpu: xstate_offset[2]:  576, xstate_sizes[2]:  256
[    0.000000] x86/fpu: Supporting XSAVE feature 0x01: 'x87 floating point registers'
[    0.000000] x86/fpu: Supporting XSAVE feature 0x02: 'SSE registers'
[    0.000000] x86/fpu: Supporting XSAVE feature 0x04: 'AVX registers'
[    0.000000] x86/fpu: Enabled xstate features 0x7, context size is 832 bytes, using 'standard' format.
[    0.000000] e820: BIOS-provided physical RAM map:
[    0.000000] BIOS-e820: [mem 0x0000000000000000-0x000000000009fbff] usable
[    0.000000] BIOS-e820: [mem 0x000000000009fc00-0x000000000009ffff] reserved
[    0.000000] BIOS-e820: [mem 0x00000000000f0000-0x00000000000fffff] reserved
[    0.000000] BIOS-e820: [mem 0x0000000000100000-0x000000007ffeffff] usable
[    0.000000] BIOS-e820: [mem 0x000000007fff0000-0x000000007fffffff] ACPI data
[    0.000000] BIOS-e820: [mem 0x00000000fec00000-0x00000000fec00fff] reserved
[    0.000000] BIOS-e820: [mem 0x00000000fee00000-0x00000000fee00fff] reserved
[    0.000000] BIOS-e820: [mem 0x00000000fffc0000-0x00000000ffffffff] reserved
[    0.000000] NX (Execute Disable) protection: active
[    0.000000] SMBIOS 2.5 present.
[    0.000000] Hypervisor detected: KVM
[    0.000000] e820: last_pfn = 0x7fff0 max_arch_pfn = 0x400000000
[    0.000000] MTRR: Disabled
[    0.000000] x86/PAT: MTRRs disabled, skipping PAT initialization too.
[    0.000000] CPU MTRRs all blank - virtualized system.
[    0.000000] x86/PAT: Configuration [0-7]: WB  WT  UC- UC  WB  WT  UC- UC  
[    0.000000] Scanning 1 areas for low memory corruption
[    0.000000] RAMDISK: [mem 0x362fa000-0x37174fff]
[    0.000000] ACPI: Early table checksum verification disabled
[    0.000000] ACPI: RSDP 0x00000000000E0000 000024 (v02 VBOX  )
[    0.000000] ACPI: XSDT 0x000000007FFF0030 00003C (v01 VBOX   VBOXXSDT 00000001 ASL  00000061)
[    0.000000] ACPI: FACP 0x000000007FFF00F0 0000F4 (v04 VBOX   VBOXFACP 00000001 ASL  00000061)
[    0.000000] ACPI: DSDT 0x000000007FFF0470 0022EA (v02 VBOX   VBOXBIOS 00000002 INTL 20100528)
[    0.000000] ACPI: FACS 0x000000007FFF0200 000040
[    0.000000] ACPI: FACS 0x000000007FFF0200 000040
[    0.000000] ACPI: APIC 0x000000007FFF0240 00005C (v02 VBOX   VBOXAPIC 00000001 ASL  00000061)
[    0.000000] ACPI: SSDT 0x000000007FFF02A0 0001CC (v01 VBOX   VBOXCPUT 00000002 INTL 20100528)
[    0.000000] No NUMA configuration found
[    0.000000] Faking a node at [mem 0x0000000000000000-0x000000007ffeffff]
[    0.000000] NODE_DATA(0) allocated [mem 0x7ffeb000-0x7ffeffff]
[    0.000000] kvm-clock: Using msrs 4b564d01 and 4b564d00
[    0.000000] kvm-clock: cpu 0, msr 0:7ffe3001, primary cpu clock
[    0.000000] kvm-clock: using sched offset of 2941012695993 cycles
[    0.000000] clocksource: kvm-clock: mask: 0xffffffffffffffff max_cycles: 0x1cd42e4dffb, max_idle_ns: 881590591483 ns
[    0.000000] Zone ranges:
[    0.000000]   DMA      [mem 0x0000000000001000-0x0000000000ffffff]
[    0.000000]   DMA32    [mem 0x0000000001000000-0x000000007ffeffff]
[    0.000000]   Normal   empty
[    0.000000]   Device   empty
[    0.000000] Movable zone start for each node
[    0.000000] Early memory node ranges
[    0.000000]   node   0: [mem 0x0000000000001000-0x000000000009efff]
[    0.000000]   node   0: [mem 0x0000000000100000-0x000000007ffeffff]
[    0.000000] Initmem setup node 0 [mem 0x0000000000001000-0x000000007ffeffff]
[    0.000000] ACPI: PM-Timer IO Port: 0x4008
[    0.000000] IOAPIC[0]: apic_id 2, version 32, address 0xfec00000, GSI 0-23
[    0.000000] ACPI: INT_SRC_OVR (bus 0 bus_irq 0 global_irq 2 dfl dfl)
[    0.000000] ACPI: INT_SRC_OVR (bus 0 bus_irq 9 global_irq 9 low level)
[    0.000000] Using ACPI (MADT) for SMP configuration information
[    0.000000] smpboot: Allowing 2 CPUs, 0 hotplug CPUs
[    0.000000] PM: Registered nosave memory: [mem 0x00000000-0x00000fff]
[    0.000000] PM: Registered nosave memory: [mem 0x0009f000-0x0009ffff]
[    0.000000] PM: Registered nosave memory: [mem 0x000a0000-0x000effff]
[    0.000000] PM: Registered nosave memory: [mem 0x000f0000-0x000fffff]
[    0.000000] e820: [mem 0x80000000-0xfebfffff] available for PCI devices
[    0.000000] Booting paravirtualized kernel on KVM
[    0.000000] clocksource: refined-jiffies: mask: 0xffffffff max_cycles: 0xffffffff, max_idle_ns: 7645519600211568 ns
[    0.000000] setup_percpu: NR_CPUS:512 nr_cpumask_bits:512 nr_cpu_ids:2 nr_node_ids:1
[    0.000000] PERCPU: Embedded 34 pages/cpu @ffff88007fc00000 s99544 r8192 d31528 u1048576
[    0.000000] Built 1 zonelists in Node order, mobility grouping on.  Total pages: 515960
[    0.000000] Policy zone: DMA32
[    0.000000] Kernel command line: BOOT_IMAGE=/boot/vmlinuz-4.4.0-157-generic root=LABEL=cloudimg-rootfs ro console=tty1 console=ttyS0
[    0.000000] PID hash table entries: 4096 (order: 3, 32768 bytes)
[    0.000000] Memory: 2029924K/2096696K available (8618K kernel code, 1335K rwdata, 4032K rodata, 1484K init, 1284K bss, 66772K reserved, 0K cma-reserved)
[    0.000000] SLUB: HWalign=64, Order=0-3, MinObjects=0, CPUs=2, Nodes=1
[    0.000000] Kernel/User page tables isolation: enabled
[    0.000000] Hierarchical RCU implementation.
[    0.000000] 	Build-time adjustment of leaf fanout to 64.
[    0.000000] 	RCU restricting CPUs from NR_CPUS=512 to nr_cpu_ids=2.
[    0.000000] RCU: Adjusting geometry for rcu_fanout_leaf=64, nr_cpu_ids=2
[    0.000000] NR_IRQS:33024 nr_irqs:440 16
[    0.000000] Console: colour VGA+ 80x25
[    0.000000] console [tty1] enabled
[    0.000000] console [ttyS0] enabled
[    0.000000] tsc: Detected 3503.998 MHz processor
[    0.177649] Calibrating delay loop (skipped) preset value.. 7007.99 BogoMIPS (lpj=14015992)
[    0.179816] pid_max: default: 32768 minimum: 301
[    0.181502] ACPI: Core revision 20150930
[    0.183124] ACPI: 2 ACPI AML tables successfully acquired and loaded
[    0.185269] Security Framework initialized
[    0.187027] Yama: becoming mindful.
[    0.188367] AppArmor: AppArmor initialized
[    0.190010] Dentry cache hash table entries: 262144 (order: 9, 2097152 bytes)
[    0.193042] Inode-cache hash table entries: 131072 (order: 8, 1048576 bytes)
[    0.195461] Mount-cache hash table entries: 4096 (order: 3, 32768 bytes)
[    0.197749] Mountpoint-cache hash table entries: 4096 (order: 3, 32768 bytes)
[    0.199768] Initializing cgroup subsys io
[    0.201206] Initializing cgroup subsys memory
[    0.202829] Initializing cgroup subsys devices
[    0.204811] Initializing cgroup subsys freezer
[    0.206668] Initializing cgroup subsys net_cls
[    0.208369] Initializing cgroup subsys perf_event
[    0.209557] Initializing cgroup subsys net_prio
[    0.210664] Initializing cgroup subsys hugetlb
[    0.211702] Initializing cgroup subsys pids
[    0.213888] mce: CPU supports 0 MCE banks
[    0.214851] Last level iTLB entries: 4KB 64, 2MB 8, 4MB 8
[    0.216311] Last level dTLB entries: 4KB 64, 2MB 0, 4MB 0, 1GB 4
[    0.218181] Spectre V2 : Mitigation: Full generic retpoline
[    0.220075] Spectre V2 : Spectre v2 / SpectreRSB mitigation: Filling RSB on context switch
[    0.223662] Speculative Store Bypass: Vulnerable
[    0.225256] MDS: Mitigation: Clear CPU buffers
[    0.228802] Freeing SMP alternatives memory: 36K
[    0.235729] ftrace: allocating 32312 entries in 127 pages
[    0.289398] smpboot: APIC(0) Converting physical 0 to logical package 0
[    0.292375] smpboot: Max logical packages: 1
[    0.293790] x2apic enabled
[    0.294683] Switched APIC routing to physical x2apic.
[    0.296743] ..TIMER: vector=0x30 apic1=0 pin1=2 apic2=-1 pin2=-1
[    0.405867] smpboot: CPU0: Intel(R) Core(TM) i7-7567U CPU @ 3.50GHz (family: 0x6, model: 0x8e, stepping: 0x9)
[    0.409271] Performance Events: unsupported p6 CPU model 142 no PMU driver, software events only.
[    0.421054] KVM setup paravirtual spinlock
[    0.424316] x86: Booting SMP configuration:
[    0.426103] .... node  #0, CPUs:      #1
[    0.427548] kvm-clock: cpu 1, msr 0:7ffe3041, secondary cpu clock
[    0.430001] mce: CPU supports 0 MCE banks
[    0.432895] x86: Booted up 1 node, 2 CPUs
[    0.434200] smpboot: Total of 2 processors activated (14015.99 BogoMIPS)
[    0.437132] devtmpfs: initialized
[    0.440274] evm: security.selinux
[    0.441354] evm: security.SMACK64
[    0.442689] evm: security.SMACK64EXEC
[    0.443902] evm: security.SMACK64TRANSMUTE
[    0.444839] evm: security.SMACK64MMAP
[    0.445761] evm: security.ima
[    0.446487] evm: security.capability
[    0.447481] clocksource: jiffies: mask: 0xffffffff max_cycles: 0xffffffff, max_idle_ns: 7645041785100000 ns
[    0.449673] futex hash table entries: 512 (order: 3, 32768 bytes)
[    0.451379] pinctrl core: initialized pinctrl subsystem
[    0.453273] RTC time: 14:23:52, date: 08/18/19
[    0.455111] NET: Registered protocol family 16
[    0.466256] cpuidle: using governor ladder
[    0.478798] cpuidle: using governor menu
[    0.481026] PCCT header not found.
[    0.482374] ACPI: bus type PCI registered
[    0.483371] acpiphp: ACPI Hot Plug PCI Controller Driver version: 0.5
[    0.484913] PCI: Using configuration type 1 for base access
[    0.499840] ACPI: Added _OSI(Module Device)
[    0.501479] ACPI: Added _OSI(Processor Device)
[    0.502641] ACPI: Added _OSI(3.0 _SCP Extensions)
[    0.503782] ACPI: Added _OSI(Processor Aggregator Device)
[    0.505698] ACPI: Executed 1 blocks of module-level executable AML code
[    0.509127] ACPI: Interpreter enabled
[    0.510407] ACPI: (supports S0 S5)
[    0.511650] ACPI: Using IOAPIC for interrupt routing
[    0.513704] PCI: Using host bridge windows from ACPI; if necessary, use "pci=nocrs" and report a bug
[    0.520683] ACPI: PCI Root Bridge [PCI0] (domain 0000 [bus 00-ff])
[    0.522703] acpi PNP0A03:00: _OSC: OS supports [ASPM ClockPM Segments MSI]
[    0.524867] acpi PNP0A03:00: _OSC: not requesting OS control; OS requires [ExtendedConfig ASPM ClockPM MSI]
[    0.527983] acpi PNP0A03:00: fail to add MMCONFIG information, can't access extended PCI configuration space under this bridge.
[    0.533545] PCI host bridge to bus 0000:00
[    0.534989] pci_bus 0000:00: root bus resource [io  0x0000-0x0cf7 window]
[    0.536444] pci_bus 0000:00: root bus resource [io  0x0d00-0xffff window]
[    0.538017] pci_bus 0000:00: root bus resource [mem 0x000a0000-0x000bffff window]
[    0.539731] pci_bus 0000:00: root bus resource [mem 0x80000000-0xfdffffff window]
[    0.542494] pci_bus 0000:00: root bus resource [bus 00-ff]
[    0.547178] pci 0000:00:01.1: legacy IDE quirk: reg 0x10: [io  0x01f0-0x01f7]
[    0.549494] pci 0000:00:01.1: legacy IDE quirk: reg 0x14: [io  0x03f6]
[    0.551576] pci 0000:00:01.1: legacy IDE quirk: reg 0x18: [io  0x0170-0x0177]
[    0.553091] pci 0000:00:01.1: legacy IDE quirk: reg 0x1c: [io  0x0376]
[    0.573114] pci 0000:00:07.0: quirk: [io  0x4000-0x403f] claimed by PIIX4 ACPI
[    0.575565] pci 0000:00:07.0: quirk: [io  0x4100-0x410f] claimed by PIIX4 SMB
[    0.592149] ACPI: PCI Interrupt Link [LNKA] (IRQs 5 9 10 *11)
[    0.603102] ACPI: PCI Interrupt Link [LNKB] (IRQs 5 9 *10 11)
[    0.605292] ACPI: PCI Interrupt Link [LNKC] (IRQs 5 *9 10 11)
[    0.607146] ACPI: PCI Interrupt Link [LNKD] (IRQs 5 9 10 *11)
[    0.609153] ACPI: Enabled 2 GPEs in block 00 to 07
[    0.611606] vgaarb: setting as boot device: PCI:0000:00:02.0
[    0.613819] vgaarb: device added: PCI:0000:00:02.0,decodes=io+mem,owns=io+mem,locks=none
[    0.616660] vgaarb: loaded
[    0.617340] vgaarb: bridge control possible 0000:00:02.0
[    0.618751] SCSI subsystem initialized
[    0.619697] ACPI: bus type USB registered
[    0.620631] usbcore: registered new interface driver usbfs
[    0.622711] usbcore: registered new interface driver hub
[    0.623881] usbcore: registered new device driver usb
[    0.625442] PCI: Using ACPI for IRQ routing
[    0.626879] NetLabel: Initializing
[    0.627709] NetLabel:  domain hash size = 128
[    0.629351] NetLabel:  protocols = UNLABELED CIPSOv4
[    0.631370] NetLabel:  unlabeled traffic allowed by default
[    0.633980] amd_nb: Cannot enumerate AMD northbridges
[    0.635837] clocksource: Switched to clocksource kvm-clock
[    0.641820] AppArmor: AppArmor Filesystem Enabled
[    0.643449] pnp: PnP ACPI init
[    0.646198] pnp: PnP ACPI: found 3 devices
[    0.658239] clocksource: acpi_pm: mask: 0xffffff max_cycles: 0xffffff, max_idle_ns: 2085701024 ns
[    0.661277] NET: Registered protocol family 2
[    0.663314] TCP established hash table entries: 16384 (order: 5, 131072 bytes)
[    0.666340] TCP bind hash table entries: 16384 (order: 6, 262144 bytes)
[    0.668634] TCP: Hash tables configured (established 16384 bind 16384)
[    0.670204] UDP hash table entries: 1024 (order: 3, 32768 bytes)
[    0.671526] UDP-Lite hash table entries: 1024 (order: 3, 32768 bytes)
[    0.673139] NET: Registered protocol family 1
[    0.674146] pci 0000:00:00.0: Limiting direct PCI/PCI transfers
[    0.675708] pci 0000:00:01.0: Activating ISA DMA hang workarounds
[    0.677446] Unpacking initramfs...
[    0.860512] Freeing initrd memory: 14828K
[    0.862348] clocksource: tsc: mask: 0xffffffffffffffff max_cycles: 0x328211acd6a, max_idle_ns: 440795259903 ns
[    0.867514] platform rtc_cmos: registered platform RTC device (no PNP device found)
[    0.869514] Scanning for low memory corruption every 60 seconds
[    0.871842] audit: initializing netlink subsys (disabled)
[    0.873152] audit: type=2000 audit(1566141189.023:1): initialized
[    0.874797] Initialise system trusted keyring
[    0.876176] HugeTLB registered 2 MB page size, pre-allocated 0 pages
[    0.879486] zbud: loaded
[    0.881258] VFS: Disk quotas dquot_6.6.0
[    0.882987] VFS: Dquot-cache hash table entries: 512 (order 0, 4096 bytes)
[    0.885036] squashfs: version 4.0 (2009/01/31) Phillip Lougher
[    0.886717] fuse init (API version 7.23)
[    0.887788] Key type big_key registered
[    0.888761] Allocating IMA MOK and blacklist keyrings.
[    0.890921] Key type asymmetric registered
[    0.892306] Asymmetric key parser 'x509' registered
[    0.893550] Block layer SCSI generic (bsg) driver version 0.4 loaded (major 249)
[    0.896214] io scheduler noop registered
[    0.898027] io scheduler deadline registered (default)
[    0.900044] io scheduler cfq registered
[    0.901737] pci_hotplug: PCI Hot Plug PCI Core version: 0.5
[    0.903107] pciehp: PCI Express Hot Plug Controller Driver version: 0.4
[    0.905477] ACPI: AC Adapter [AC] (off-line)
[    0.906633] input: Power Button as /devices/LNXSYSTM:00/LNXPWRBN:00/input/input0
[    0.908586] ACPI: Power Button [PWRF]
[    0.909629] input: Sleep Button as /devices/LNXSYSTM:00/LNXSLPBN:00/input/input1
[    0.912293] ACPI: Sleep Button [SLPF]
[    0.915476] ACPI: Battery Slot [BAT0] (battery present)
[    0.917411] GHES: HEST is not enabled!
[    0.918582] Serial: 8250/16550 driver, 32 ports, IRQ sharing enabled
[    0.941371] 00:02: ttyS0 at I/O 0x3f8 (irq = 4, base_baud = 115200) is a 16550A
[    0.949418] Linux agpgart interface v0.103
[    0.952550] loop: module loaded
[    0.953950] scsi host0: ata_piix
[    0.954892] scsi host1: ata_piix
[    0.955722] ata1: PATA max UDMA/33 cmd 0x1f0 ctl 0x3f6 bmdma 0xd000 irq 14
[    0.957227] ata2: PATA max UDMA/33 cmd 0x170 ctl 0x376 bmdma 0xd008 irq 15
[    0.959003] libphy: Fixed MDIO Bus: probed
[    0.960250] tun: Universal TUN/TAP device driver, 1.6
[    0.962076] tun: (C) 1999-2004 Max Krasnyansky <maxk@qualcomm.com>
[    0.963880] PPP generic driver version 2.4.2
[    0.965547] ehci_hcd: USB 2.0 'Enhanced' Host Controller (EHCI) Driver
[    0.967022] ehci-pci: EHCI PCI platform driver
[    0.968056] ehci-platform: EHCI generic platform driver
[    0.969445] ohci_hcd: USB 1.1 'Open' Host Controller (OHCI) Driver
[    0.971411] ohci-pci: OHCI PCI platform driver
[    0.972452] ohci-platform: OHCI generic platform driver
[    0.973595] uhci_hcd: USB Universal Host Controller Interface driver
[    0.974993] i8042: PNP: PS/2 Controller [PNP0303:PS2K,PNP0f03:PS2M] at 0x60,0x64 irq 1,12
[    0.977965] serio: i8042 KBD port at 0x60,0x64 irq 1
[    0.979973] serio: i8042 AUX port at 0x60,0x64 irq 12
[    0.982963] mousedev: PS/2 mouse device common for all mice
[    0.984688] input: AT Translated Set 2 keyboard as /devices/platform/i8042/serio0/input/input2
[    0.987315] rtc_cmos rtc_cmos: rtc core: registered rtc_cmos as rtc0
[    0.989354] rtc_cmos rtc_cmos: alarms up to one day, 114 bytes nvram
[    0.990809] i2c /dev entries driver
[    0.991854] device-mapper: uevent: version 1.0.3
[    0.993397] device-mapper: ioctl: 4.34.0-ioctl (2015-10-28) initialised: dm-devel@redhat.com
[    0.996673] ledtrig-cpu: registered to indicate activity on CPUs
[    0.999969] NET: Registered protocol family 10
[    1.001696] NET: Registered protocol family 17
[    1.003390] Key type dns_resolver registered
[    1.004746] registered taskstats version 1
[    1.005690] Loading compiled-in X.509 certificates
[    1.007225] Loaded X.509 cert 'Build time autogenerated kernel key: 3e01e6df98386236d59670e6b2ed19a044d5324e'
[    1.009500] zswap: loaded using pool lzo/zbud
[    1.013270] Key type trusted registered
[    1.017850] Key type encrypted registered
[    1.018917] AppArmor: AppArmor sha1 policy hashing enabled
[    1.020537] ima: No TPM chip found, activating TPM-bypass!
[    1.022464] ima: Allocated hash algorithm: sha1
[    1.023523] evm: HMAC attrs: 0x1
[    1.024915]   Magic number: 15:671:384
[    1.026430] rtc_cmos rtc_cmos: setting system clock to 2019-08-18 14:23:53 UTC (1566138233)
[    1.029353] BIOS EDD facility v0.16 2004-Jun-25, 0 devices found
[    1.031681] EDD information not available.
[    1.117847] Freeing unused kernel memory: 1484K
[    1.119545] Write protecting the kernel read-only data: 14336k
[    1.121693] Freeing unused kernel memory: 1612K
[    1.122837] Freeing unused kernel memory: 64K
Loading, please wait...
starting version 229
[    1.138541] random: systemd-udevd: uninitialized urandom read (16 bytes read, 3 bits of entropy available)
[    1.139077] random: udevadm: uninitialized urandom read (16 bytes read, 3 bits of entropy available)
[    1.139091] random: udevadm: uninitialized urandom read (16 bytes read, 3 bits of entropy available)
[    1.148614] random: systemd-udevd: uninitialized urandom read (16 bytes read, 3 bits of entropy available)
[    1.149794] random: udevadm: uninitialized urandom read (16 bytes read, 3 bits of entropy available)
[    1.149876] random: udevadm: uninitialized urandom read (16 bytes read, 3 bits of entropy available)
[    1.150032] random: udevadm: uninitialized urandom read (16 bytes read, 3 bits of entropy available)
[    1.150088] random: udevadm: uninitialized urandom read (16 bytes read, 3 bits of entropy available)
[    1.150145] random: udevadm: uninitialized urandom read (16 bytes read, 3 bits of entropy available)
[    1.150258] random: udevadm: uninitialized urandom read (16 bytes read, 3 bits of entropy available)
[    1.198346] Fusion MPT base driver 3.04.20
[    1.199650] Copyright (c) 1999-2008 LSI Corporation
[    1.201849] e1000: Intel(R) PRO/1000 Network Driver - version 7.3.21-k8-NAPI
[    1.203811] e1000: Copyright (c) 1999-2006 Intel Corporation.
[    1.211622] Fusion MPT SPI Host driver 3.04.20
[    1.221418] AVX2 version of gcm_enc/dec engaged.
[    1.222781] AES CTR mode by8 optimization enabled
[    1.420967] input: ImExPS/2 Generic Explorer Mouse as /devices/platform/i8042/serio1/input/input4
[    1.619550] e1000 0000:00:03.0 eth0: (PCI:33MHz:32-bit) 02:46:62:72:a1:53
[    1.621893] e1000 0000:00:03.0 eth0: Intel(R) PRO/1000 Network Connection
[    1.624384] mptbase: ioc0: Initiating bringup
[    1.701640] ioc0: LSI53C1030 A0: Capabilities={Initiator}
[    2.033936] scsi host2: ioc0: LSI53C1030 A0, FwRev=00000000h, Ports=1, MaxQ=256, IRQ=20
[    2.172319] scsi 2:0:0:0: Direct-Access     VBOX     HARDDISK         1.0  PQ: 0 ANSI: 5
[    2.175119] scsi target2:0:0: Beginning Domain Validation
[    2.178026] scsi target2:0:0: Domain Validation skipping write tests
[    2.179412] scsi target2:0:0: Ending Domain Validation
[    2.180817] scsi target2:0:0: asynchronous
[    2.182204] scsi 2:0:1:0: Direct-Access     VBOX     HARDDISK         1.0  PQ: 0 ANSI: 5
[    2.183988] scsi target2:0:1: Beginning Domain Validation
[    2.186739] scsi target2:0:1: Domain Validation skipping write tests
[    2.188064] scsi target2:0:1: Ending Domain Validation
[    2.189284] scsi target2:0:1: asynchronous
[    2.195726] sd 2:0:0:0: Attached scsi generic sg0 type 0
[    2.197820] sd 2:0:0:0: [sda] 20971520 512-byte logical blocks: (10.7 GB/10.0 GiB)
[    2.200682] sd 2:0:1:0: [sdb] 20480 512-byte logical blocks: (10.5 MB/10.0 MiB)
[    2.212663] sd 2:0:0:0: [sda] Write Protect is off
[    2.213822] sd 2:0:1:0: [sdb] Write Protect is off
[    2.215111] sd 2:0:0:0: [sda] Incomplete mode parameter data
[    2.216173] sd 2:0:1:0: Attached scsi generic sg1 type 0
[    2.217817] sd 2:0:0:0: [sda] Assuming drive cache: write through
[    2.219598] sd 2:0:1:0: [sdb] Incomplete mode parameter data
[    2.221432] sd 2:0:1:0: [sdb] Assuming drive cache: write through
[    2.225465]  sda: sda1
[    2.227555] sd 2:0:0:0: [sda] Attached SCSI disk
[    2.229991] sd 2:0:1:0: [sdb] Attached SCSI disk
[    2.890211] e1000 0000:00:08.0 eth1: (PCI:33MHz:32-bit) 08:00:27:03:0d:a9
[    2.892802] e1000 0000:00:08.0 eth1: Intel(R) PRO/1000 Network Connection
[    2.895218] e1000 0000:00:08.0 enp0s8: renamed from eth1
[    2.912250] e1000 0000:00:03.0 enp0s3: renamed from eth0
Begin: Loading essential drivers ... [    4.184149] md: linear personality registered for level -1
[    4.188564] md: multipath personality registered for level -4
[    4.192435] md: raid0 personality registered for level 0
[    4.196755] md: raid1 personality registered for level 1
[    4.268177] raid6: sse2x1   gen() 11739 MB/s
[    4.335925] raid6: sse2x1   xor()  9706 MB/s
[    4.404217] raid6: sse2x2   gen() 16120 MB/s
[    4.472233] raid6: sse2x2   xor() 10953 MB/s
[    4.540376] raid6: sse2x4   gen() 17822 MB/s
[    4.608128] raid6: sse2x4   xor() 11995 MB/s
[    4.675985] raid6: avx2x1   gen() 26240 MB/s
[    4.744127] raid6: avx2x2   gen() 29779 MB/s
[    4.811867] raid6: avx2x4   gen() 32031 MB/s
[    4.813480] raid6: using algorithm avx2x4 gen() 32031 MB/s
[    4.814676] raid6: using avx2x2 recovery algorithm
[    4.817136] xor: automatically using best checksumming function:
[    4.856106]    avx       : 30390.000 MB/sec
[    4.858642] async_tx: api initialized (async)
[    4.866931] md: raid6 personality registered for level 6
[    4.869338] md: raid5 personality registered for level 5
[    4.870983] md: raid4 personality registered for level 4
[    4.879380] md: raid10 personality registered for level 10
done.
Begin: Running /scripts/init-premount ... done.
Begin: Mounting root file system ... Begin: Running /scripts/local-top ... done.
Begin: Running /scripts/local-premount ... [    4.908108] Btrfs loaded
Scanning for Btrfs filesystems
done.
Warning: fsck not present, so skipping root file system
[    4.973049] EXT4-fs (sda1): mounted filesystem with ordered data mode. Opts: (null)
done.
Begin: Running /scripts/local-bottom ... done.
Begin: Running /scripts/init-bottom ... done.
[    5.421659] systemd[1]: systemd 229 running in system mode. (+PAM +AUDIT +SELINUX +IMA +APPARMOR +SMACK +SYSVINIT +UTMP +LIBCRYPTSETUP +GCRYPT +GNUTLS +ACL +XZ -LZ4 +SECCOMP +BLKID +ELFUTILS +KMOD -IDN)
[    5.428017] systemd[1]: Detected virtualization oracle.
[    5.429643] systemd[1]: Detected architecture x86-64.

Welcome to [1mUbuntu 16.04.6 LTS[0m!

[    5.848440] systemd[1]: Set hostname to <k8s-node-1>.
[    6.134055] random: nonblocking pool is initialized
[    6.260395] systemd[1]: Configuration file /lib/systemd/system/kubelet.service is marked world-inaccessible. This has no effect as configuration data is accessible via APIs without restrictions. Proceeding anyway.
[    6.280857] systemd[1]: Configuration file /etc/systemd/system/kubelet.service.d/10-kubeadm.conf is marked world-inaccessible. This has no effect as configuration data is accessible via APIs without restrictions. Proceeding anyway.
[    6.303081] systemd[1]: Listening on Device-mapper event daemon FIFOs.
[[0;32m  OK  [0m] Listening on Device-mapper event daemon FIFOs.
[    6.307490] systemd[1]: Reached target Encrypted Volumes.
[[0;32m  OK  [0m] Reached target Encrypted Volumes.
[    6.310369] systemd[1]: Listening on Journal Audit Socket.
[[0;32m  OK  [0m] Listening on Journal Audit Socket.
[    6.320443] systemd[1]: Listening on Journal Socket (/dev/log).
[[0;32m  OK  [0m] Listening on Journal Socket (/dev/log).
[    6.323513] systemd[1]: Reached target System Time Synchronized.
[[0;32m  OK  [0m] Reached target System Time Synchronized.
[    6.326079] systemd[1]: Listening on udev Control Socket.
[[0;32m  OK  [0m] Listening on udev Control Socket.
[    6.329830] systemd[1]: Reached target User and Group Name Lookups.
[[0;32m  OK  [0m] Reached target User and Group Name Lookups.
[    6.333799] systemd[1]: Reached target Swap.
[[0;32m  OK  [0m] Reached target Swap.
[    6.336998] systemd[1]: Started Trigger resolvconf update for networkd DNS.
[[0;32m  OK  [0m] Started Trigger resolvconf update for networkd DNS.
[    6.339941] systemd[1]: Listening on LVM2 poll daemon socket.
[[0;32m  OK  [0m] Listening on LVM2 poll daemon socket.
[    6.348790] systemd[1]: Listening on udev Kernel Socket.
[[0;32m  OK  [0m] Listening on udev Kernel Socket.
[    6.352537] systemd[1]: Listening on Journal Socket.
[[0;32m  OK  [0m] Listening on Journal Socket.
[    6.355118] systemd[1]: Listening on Syslog Socket.
[[0;32m  OK  [0m] Listening on Syslog Socket.
[    6.365411] systemd[1]: Created slice System Slice.
[[0;32m  OK  [0m] Created slice System Slice.
[    6.384548] systemd[1]: Starting Set console keymap...
         Starting Set console keymap...
[    6.397486] systemd[1]: Starting Remount Root and Kernel File Systems...
         Starting Remount Root and Kernel File Systems...
[    6.404093] systemd[1]: Starting Journal Service...
         Starting Journal Service...
[    6.413439] systemd[1]: Mounting Debug File System...
         Mounting Debug File System...
[    6.418015] systemd[1]: Mounting Huge Pages File System...
         Mounting Huge Pages File System...
[    6.437132] EXT4-fs (sda1): re-mounted. Opts: (null)
[    6.456886] systemd[1]: Starting Load Kernel Modules...
         Starting Load Kernel Modules...
[    6.468856] systemd[1]: Mounting POSIX Message Queue File System...
         Mounting POSIX Message Queue File System...
[    6.481287] systemd[1]: Created slice system-serial\x2dgetty.slice.
[[0;32m  OK  [0m] Created slice system-serial\x2dgetty.slice.
[    6.495345] Loading iSCSI transport class v2.0-870.
[    6.511375] systemd[1]: Starting Nameserver information manager...
         Starting Nameserver information manager...
[    6.517586] systemd[1]: Listening on LVM2 metadata daemon socket.
[[0;32m  OK  [0m] Listening on LVM2 metadata daemon socket.
[    6.522327] systemd[1]: Listening on /dev/initctl Compatibility Named Pipe.
[[0;32m  OK  [0m] Listening on /dev/initctl Compatibility Named Pipe.
[    6.528363] iscsi: registered transport (tcp)
[    6.532335] systemd[1]: Set up automount Arbitrary Executable File Formats File System Automount Point.
[[0;32m  OK  [0m] Set up automount Arbitrary Executab...ats File System Automount Point.
[    6.547113] systemd[1]: Created slice User and Session Slice.
[[0;32m  OK  [0m] Created slice User and Session Slice.
[    6.552473] systemd[1]: Reached target Slices.
[[0;32m  OK  [0m] Reached target Slices.
[    6.572218] systemd[1]: Starting Create list of required static device nodes for the current kernel...
         Starting Create list of required st... nodes for the current kernel...
[    6.579067] systemd[1]: Starting Monitoring of LVM2 mirrors, snapshots etc. using dmeventd or progress polling...
         Starting Monitoring of LVM2 mirrors... dmeventd or progress polling...
[    6.586112] systemd[1]: Started Forward Password Requests to Wall Directory Watch.
[[0;32m  OK  [0m] Started Forward Password Requests to Wall Directory Watch.
[    6.590578] systemd[1]: Starting Uncomplicated firewall...
         Starting Uncomplicated firewall...
[    6.595651] systemd[1]: Mounted Debug File System.
[[0;32m  OK  [0m] Mounted Debug File System.
[    6.598299] systemd[1]: Mounted POSIX Message Queue File System.
[[0;32m  OK  [0m] Mounted POSIX Message Queue File System.
[    6.602267] systemd[1]: Mounted Huge Pages File System.
[[0;32m  OK  [0m] Mounted Huge Pages File System.
[    6.606918] systemd[1]: Started Journal Service.
[[0;32m  OK  [0m] Started Journal Service.
[[0;32m  OK  [0m] Started Set console keymap.
[    6.616413] iscsi: registered transport (iser)
[[0;32m  OK  [0m] Started Remount Root and Kernel File Systems.
[[0;32m  OK  [0m] Started Load Kernel Modules.
[[0;32m  OK  [0m] Started Create list of required sta...ce nodes for the current kernel.
[[0;32m  OK  [0m] Started Uncomplicated firewall.
[[0;32m  OK  [0m] Started Nameserver information manager.
[[0;32m  OK  [0m] Started LVM2 metadata daemon.
         Starting Create Static Device Nodes in /dev...
         Mounting FUSE Control File System...
         Starting Apply Kernel Variables...
         Starting udev Coldplug all Devices...
         Starting Load/Save Random Seed...
         Starting Flush Journal to Persistent Storage...
[[0;32m  OK  [0m] Mounted FUSE Control File System.
[[0;32m  OK  [0m] Started Load/Save Random Seed.
[[0;32m  OK  [0m] Started Create Static Device Nodes in /dev.
[[0;32m  OK  [0m] Started Apply Kernel Variables.
         Starting udev Kernel Device Manager...
[[0;32m  OK  [0m] Started Flush Journal to Persistent Storage.
[[0;32m  OK  [0m] Started udev Kernel Device Manager.
[[0;32m  OK  [0m] Started udev Coldplug all Devices.
[[0;32m  OK  [0m] Started Dispatch Password Requests to Console Directory Watch.
[[0;32m  OK  [0m] Found device /dev/ttyS0.
[[0;32m  OK  [0m] Listening on Load/Save RF Kill Switch Status /dev/rfkill Watch.
[[0;32m  OK  [0m] Started Monitoring of LVM2 mirrors,...ng dmeventd or progress polling.
[[0;32m  OK  [0m] Reached target Local File Systems (Pre).
[[0;32m  OK  [0m] Reached target Local File Systems.
         Starting Initial cloud-init job (pre-networking)...
         Starting LSB: ebtables ruleset management...
         Starting Set console font and keymap...
         Starting Create Volatile Files and Directories...
         Starting Tell Plymouth To Write Out Runtime Data...
         Starting LSB: AppArmor initialization...
[[0;32m  OK  [0m] Found device 82540EM Gigabit Ethern...r (PRO/1000 MT Desktop Adapter).
[[0;32m  OK  [0m] Started Create Volatile Files and Directories.
[[0;32m  OK  [0m] Started Tell Plymouth To Write Out Runtime Data.
[[0;32m  OK  [0m] Found device 82540EM Gigabit Ethern...r (PRO/1000 MT Desktop Adapter).
         Starting Update UTMP about System Boot/Shutdown...
[[0;32m  OK  [0m] Started LSB: ebtables ruleset management.
[[0;32m  OK  [0m] Started Update UTMP about System Boot/Shutdown.
[[0;32m  OK  [0m] Started LSB: AppArmor initialization.
[[0;32m  OK  [0m] Started Set console font and keymap.
[[0;32m  OK  [0m] Created slice system-getty.slice.
[    8.754968] cloud-init[627]: Cloud-init v. 19.1-1-gbaa47854-0ubuntu1~16.04.1 running 'init-local' at Sun, 18 Aug 2019 14:24:01 +0000. Up 8.45 seconds.
[[0;32m  OK  [0m] Started Initial cloud-init job (pre-networking).
[[0;32m  OK  [0m] Reached target Network (Pre).
[[0;32m  OK  [0m] Started ifup for enp0s8.
         Starting Raise network interfaces...
[[0;32m  OK  [0m] Started ifup for enp0s3.
[[0;32m  OK  [0m] Started Raise network interfaces.
         Starting Initial cloud-init job (metadata service crawler)...
[[0;32m  OK  [0m] Reached target Network.
[    9.581824] cloud-init[1090]: Cloud-init v. 19.1-1-gbaa47854-0ubuntu1~16.04.1 running 'init' at Sun, 18 Aug 2019 14:24:02 +0000. Up 9.22 seconds.
[    9.585470] cloud-init[1090]: ci-info: ++++++++++++++++++++++++++++++++++++++Net device info++++++++++++++++++++++++++++++++++++++
[    9.592649] cloud-init[1090]: ci-info: +--------+------+----------------------------+---------------+--------+-------------------+
[    9.596858] cloud-init[1090]: ci-info: | Device |  Up  |          Address           |      Mask     | Scope  |     Hw-Address    |
[    9.604768] cloud-init[1090]: ci-info: +--------+------+----------------------------+---------------+--------+-------------------+
[    9.607231] cloud-init[1090]: ci-info: | enp0s3 | True |         10.0.2.15          | 255.255.255.0 | global | 02:46:62:72:a1:53 |
[    9.612628] cloud-init[1090]: ci-info: | enp0s3 | True | fe80::46:62ff:fe72:a153/64 |       .       |  link  | 02:46:62:72:a1:53 |
[    9.620806] cloud-init[1090]: ci-info: | enp0s8 | True |       192.168.205.11       | 255.255.255.0 | global | 08:00:27:03:0d:a9 |
[    9.628838] cloud-init[1090]: ci-info: | enp0s8 | True | fe80::a00:27ff:fe03:da9/64 |       .       |  link  | 08:00:27:03:0d:a9 |
[    9.636670] cloud-init[1090]: ci-info: |   lo   | True |         127.0.0.1          |   255.0.0.0   |  host  |         .         |
[    9.638241] cloud-init[1090]: ci-info: |   lo   | True |          ::1/128           |       .       |  host  |         .         |
[    9.640705] cloud-init[1090]: ci-info: +--------+------+----------------------------+---------------+--------+-------------------+
[    9.643120] cloud-init[1090]: ci-info: ++++++++++++++++++++++++++++Route IPv4 info+++++++++++++++++++++++++++++
[    9.645192] cloud-init[1090]: ci-info: +-------+---------------+----------+---------------+-----------+-------+
[    9.647405] cloud-init[1090]: ci-info: | Route |  Destination  | Gateway  |    Genmask    | Interface | Flags |
[    9.649495] cloud-init[1090]: ci-info: +-------+---------------+----------+---------------+-----------+-------+
[[0;32m  OK  [0m] Started Initial cloud-init job (metadata service crawler).
[[0;32m  OK  [0m] Reached target System Initialization.
[[0;32m  OK  [0m] Listening on D-Bus System Message Bus Socket.
[    9.651886] cloud-init[1090]: ci-info: |   0   |    0.0.0.0    | 10.0.2.2 |    0.0.0.0    |   enp0s3  |   UG  |
[    9.656722]          Starting LXD - unix socket.
cloud-init[1090]: ci-info: |   1   |    10.0.2.0   | 0.0.0.0  | 255.255.255.0 |   enp0s3  |   U   |
[    9.659305] [[0;32m  OK  [0m] Started ACPI Events Check.
[[0;32m  OK  [0m] Reached target Paths.
         Starting Docker Socket for the API.
[[0;32m  OK  [0m] Listening on UUID daemon activation socket.
cloud-init[[0;32m  OK  [0m] Started Daily apt download activities.
[[0;32m  OK  [0m] Started Daily apt upgrade and clean activities.
[[0;32m  OK  [0m] Started Daily Cleanup of Temporary Directories.
[[0;32m  OK  [0m] Reached target Timers.
[[0;32m  OK  [0m] Listening on ACPID Listen Socket.
[1090]: ci-info: |   2   | 192.168.205.0 | 0.0.0.0  | 255.255.255.0 |   enp0s8  |   U   |
[    9.668602]          cloud-initStarting Socket activation for snappy daemon.[1090]: 
ci-info: +-------+---------------+----------+---------------+-----------+-------+
[    9.670520] [[0;32m  OK  [0m] Reached target Cloud-config availability.
cloud-init[1090]: ci-info: +++++++++++++++++++Route IPv6 info+++++++++++++++++++
[    9.673043] [cloud-init[0;32m  OK  [0m[1090]: ] ci-info: +-------+-------------+---------+-----------+-------+Reached target Network is Online.

[    9.675437] cloud-init[1090]: ci-info: | Route | Destination | Gateway | Interface | Flags |
[    9.677380] cloud-init[1090]: ci-info: +-------+-------------+---------+-----------+-------+
[    9.678793] cloud-init[1090]: ci-info: |   0   |  fe80::/64  |    ::   |   enp0s8  |   U   |
[    9.680445] cloud-init[1090]: ci-info: |   1   |  fe80::/64  |    ::   |   enp0s3  |   U   |
[    9.682181] cloud-init[1090]: ci-info: |   4   |   ff00::/8  |    ::   |   enp0s8  |   U   |
[    9.683882] cloud-init[1090]: ci-info: |   5   |   ff00::/8  |    ::   |   enp0s3  |   U   |
[    9.685612] cloud-init[1090]: ci-info: +-------+-------------+---------+-----------+-------+
         Starting iSCSI initiator daemon (iscsid)...
[[0;32m  OK  [0m] Listening on LXD - unix socket.
[[0;32m  OK  [0m] Listening on Docker Socket for the API.
[[0;32m  OK  [0m] Listening on Socket activation for snappy daemon.
[[0;32m  OK  [0m] Reached target Sockets.
[[0;32m  OK  [0m] Reached target Basic System.
         Starting System Logging Service...
[[0;32m  OK  [0m] Started D-Bus System Message Bus.
[[0;32m  OK  [0m] Started kubelet: The Kubernetes Node Agent.
         Starting LSB: MD monitoring daemon...
         Starting /etc/rc.local Compatibility...
[[0;32m  OK  [0m] Started FUSE filesystem for LXC.
         Starting Login Service...
[[0;32m  OK  [0m] Started Regular background program processing daemon.
         Starting Virtualbox guest utils...
[[0;32m  OK  [0m] Started Deferred execution scheduler.
         Starting LSB: Record successful boot for GRUB...
         Starting Docker Application Container Engine...
         Starting LXD - container startup/shutdown...
[[0;32m  OK  [0m] Started ACPI event daemon.
         Starting Snappy daemon...
         Starting Accounts Service...
         Starting OpenBSD Secure Shell server...
[[0;32m  OK  [0m] Started System Logging Service.
[[0;32m  OK  [0m] Started iSCSI initiator daemon (iscsid).
[[0;32m  OK  [0m] Started /etc/rc.local Compatibility.
         Starting Login to default iSCSI targets...
[[0;32m  OK  [0m] Started Login Service.
[[0;32m  OK  [0m] Started Unattended Upgrades Shutdown.
[[0;32m  OK  [0m] Started LSB: Record successful boot for GRUB.
[[0;32m  OK  [0m] Started LSB: MD monitoring daemon.
[[0;32m  OK  [0m] Started Login to default iSCSI targets.
[[0;32m  OK  [0m] Reached target Remote File Systems (Pre).
[[0;32m  OK  [0m] Reached target Remote File Systems.
         Starting LSB: automatic crash report generation...
         Starting LSB: daemon to balance interrupts for SMP systems...
         Starting LSB: Set up cgroupfs mounts....
         Starting LSB: Set the CPU Frequency Scaling governor to "ondemand"...
         Starting Permit User Sessions...
[[0;32m  OK  [0m] Started LSB: Set the CPU Frequency Scaling governor to "ondemand".
[[0;32m  OK  [0m] Started LSB: Set up cgroupfs mounts..
[[0;32m  OK  [0m] Started Permit User Sessions.
         Starting Terminate Plymouth Boot Screen...
         Starting Hold until boot process finishes up...
[[0;32m  OK  [0m] Started Hold until boot process finishes up.
[[0;32m  OK  [0m] Started Terminate Plymouth Boot Screen.
         Starting Set console scheme...
[[0;32m  OK  [0m] Started Serial Getty on ttyS0.
[[0;32m  OK  [0m] Started Getty on tty1.
[[0;32m  OK  [0m] Reached target Login Prompts.
[[0;32m  OK  [0m] Started LSB: daemon to balance interrupts for SMP systems.
[[0;32m  OK  [0m] Started Set console scheme.
[[0;32m  OK  [0m] Started LSB: automatic crash report generation.
[[0;32m  OK  [0m] Started OpenBSD Secure Shell server.
[[0;32m  OK  [0m] Started Virtualbox guest utils.
         Starting Authenticate and Authorize Users to Run Privileged Tasks...
[[0;32m  OK  [0m] Started Authenticate and Authorize Users to Run Privileged Tasks.
[[0;32m  OK  [0m] Started Accounts Service.
[[0;32m  OK  [0m] Started LXD - container startup/shutdown.
[[0;32m  OK  [0m] Started Snappy daemon.
         Starting Wait until snapd is fully seeded...
[[0;32m  OK  [0m] Started Wait until snapd is fully seeded.
         Starting Apply the settings specified in cloud-config...
[   11.463907] cloud-init[1370]: Cloud-init v. 19.1-1-gbaa47854-0ubuntu1~16.04.1 running 'modules:config' at Sun, 18 Aug 2019 14:24:04 +0000. Up 11.25 seconds.
[[0;32m  OK  [0m] Started Apply the settings specified in cloud-config.
[[0;32m  OK  [0m] Started Kubernetes systemd probe.
[[0;32m  OK  [0m] Started Docker Application Container Engine.
[[0;32m  OK  [0m] Reached target Multi-User System.
         Starting Execute cloud user/final scripts...
[[0;32m  OK  [0m] Reached target Graphical Interface.
         Starting Update UTMP about System Runlevel Changes...
[[0;32m  OK  [0m] Started Update UTMP about System Runlevel Changes.
[   13.644641] cloud-init[1537]: Cloud-init v. 19.1-1-gbaa47854-0ubuntu1~16.04.1 running 'modules:final' at Sun, 18 Aug 2019 14:24:06 +0000. Up 13.55 seconds.
[   13.649617] cloud-init[1537]: Cloud-init v. 19.1-1-gbaa47854-0ubuntu1~16.04.1 finished at Sun, 18 Aug 2019 14:24:06 +0000. Datasource DataSourceNoCloud [seed=/dev/sdb][dsmode=net].  Up 13.63 seconds
[[0;32m  OK  [0m] Started Execute cloud user/final scripts.
[[0;32m  OK  [0m] Reached target Cloud-init target.

Ubuntu 16.04.6 LTS k8s-node-1 ttyS0

k8s-node-1 login: 